ERROR - 2024-05-29 03:12:33 --> Error connecting to the database: mysqli_sql_exception: No connection could be made because the target machine actively refused it in C:\xampp\htdocs\appldr\system\Database\MySQLi\Connection.php:186
Stack trace:
#0 C:\xampp\htdocs\appldr\system\Database\MySQLi\Connection.php(186): mysqli->real_connect('localhost', 'root', Object(SensitiveParameterValue), 'ldr_db', 3306, '', 0)
#1 C:\xampp\htdocs\appldr\system\Database\BaseConnection.php(421): CodeIgniter\Database\MySQLi\Connection->connect(false)
#2 C:\xampp\htdocs\appldr\system\Database\BaseConnection.php(604): CodeIgniter\Database\BaseConnection->initialize()
#3 C:\xampp\htdocs\appldr\system\Database\BaseBuilder.php(2325): CodeIgniter\Database\BaseConnection->query('INSERT INTO `pr...', Array, false)
#4 C:\xampp\htdocs\appldr\system\Model.php(383): CodeIgniter\Database\BaseBuilder->insert()
#5 C:\xampp\htdocs\appldr\system\BaseModel.php(840): CodeIgniter\Model->doInsert(Array)
#6 C:\xampp\htdocs\appldr\system\Model.php(791): CodeIgniter\BaseModel->insert(Array, true)
#7 C:\xampp\htdocs\appldr\app\Models\ProfilModel.php(25): CodeIgniter\Model->insert(Array)
#8 C:\xampp\htdocs\appldr\app\Controllers\Profil.php(50): App\Models\ProfilModel->saveProfil(Array)
#9 C:\xampp\htdocs\appldr\system\CodeIgniter.php(933): App\Controllers\Profil->saveProfil()
#10 C:\xampp\htdocs\appldr\system\CodeIgniter.php(509): CodeIgniter\CodeIgniter->runController(Object(App\Controllers\Profil))
#11 C:\xampp\htdocs\appldr\system\CodeIgniter.php(355): CodeIgniter\CodeIgniter->handleRequest(NULL, Object(Config\Cache), false)
#12 C:\xampp\htdocs\appldr\system\Boot.php(312): CodeIgniter\CodeIgniter->run()
#13 C:\xampp\htdocs\appldr\system\Boot.php(67): CodeIgniter\Boot::runCodeIgniter(Object(CodeIgniter\CodeIgniter))
#14 C:\xampp\htdocs\appldr\public\index.php(56): CodeIgniter\Boot::bootWeb(Object(Config\Paths))
#15 C:\xampp\htdocs\appldr\system\Commands\Server\rewrite.php(49): require_once('C:\\xampp\\htdocs...')
#16 {main}

Next CodeIgniter\Database\Exceptions\DatabaseException: No connection could be made because the target machine actively refused it in C:\xampp\htdocs\appldr\system\Database\MySQLi\Connection.php:231
Stack trace:
#0 C:\xampp\htdocs\appldr\system\Database\BaseConnection.php(421): CodeIgniter\Database\MySQLi\Connection->connect(false)
#1 C:\xampp\htdocs\appldr\system\Database\BaseConnection.php(604): CodeIgniter\Database\BaseConnection->initialize()
#2 C:\xampp\htdocs\appldr\system\Database\BaseBuilder.php(2325): CodeIgniter\Database\BaseConnection->query('INSERT INTO `pr...', Array, false)
#3 C:\xampp\htdocs\appldr\system\Model.php(383): CodeIgniter\Database\BaseBuilder->insert()
#4 C:\xampp\htdocs\appldr\system\BaseModel.php(840): CodeIgniter\Model->doInsert(Array)
#5 C:\xampp\htdocs\appldr\system\Model.php(791): CodeIgniter\BaseModel->insert(Array, true)
#6 C:\xampp\htdocs\appldr\app\Models\ProfilModel.php(25): CodeIgniter\Model->insert(Array)
#7 C:\xampp\htdocs\appldr\app\Controllers\Profil.php(50): App\Models\ProfilModel->saveProfil(Array)
#8 C:\xampp\htdocs\appldr\system\CodeIgniter.php(933): App\Controllers\Profil->saveProfil()
#9 C:\xampp\htdocs\appldr\system\CodeIgniter.php(509): CodeIgniter\CodeIgniter->runController(Object(App\Controllers\Profil))
#10 C:\xampp\htdocs\appldr\system\CodeIgniter.php(355): CodeIgniter\CodeIgniter->handleRequest(NULL, Object(Config\Cache), false)
#11 C:\xampp\htdocs\appldr\system\Boot.php(312): CodeIgniter\CodeIgniter->run()
#12 C:\xampp\htdocs\appldr\system\Boot.php(67): CodeIgniter\Boot::runCodeIgniter(Object(CodeIgniter\CodeIgniter))
#13 C:\xampp\htdocs\appldr\public\index.php(56): CodeIgniter\Boot::bootWeb(Object(Config\Paths))
#14 C:\xampp\htdocs\appldr\system\Commands\Server\rewrite.php(49): require_once('C:\\xampp\\htdocs...')
#15 {main}
CRITICAL - 2024-05-29 03:12:33 --> CodeIgniter\Database\Exceptions\DatabaseException: Unable to connect to the database.
Main connection [MySQLi]: No connection could be made because the target machine actively refused it
[Method: GET, Route: tambahProfil]
in SYSTEMPATH\Database\BaseConnection.php on line 457.
 1 SYSTEMPATH\Database\BaseConnection.php(604): CodeIgniter\Database\BaseConnection->initialize()
 2 SYSTEMPATH\Database\BaseBuilder.php(2325): CodeIgniter\Database\BaseConnection->query('INSERT INTO `profile` (`uraian`, `ikon`, `gambar`, `id_admin`) VALUES (:uraian:, :ikon:, :gambar:, :id_admin:)', [...], false)
 3 SYSTEMPATH\Model.php(383): CodeIgniter\Database\BaseBuilder->insert()
 4 SYSTEMPATH\BaseModel.php(840): CodeIgniter\Model->doInsert([...])
 5 SYSTEMPATH\Model.php(791): CodeIgniter\BaseModel->insert([...], true)
 6 APPPATH\Models\ProfilModel.php(25): CodeIgniter\Model->insert([...])
 7 APPPATH\Controllers\Profil.php(50): App\Models\ProfilModel->saveProfil([...])
 8 SYSTEMPATH\CodeIgniter.php(933): App\Controllers\Profil->saveProfil()
 9 SYSTEMPATH\CodeIgniter.php(509): CodeIgniter\CodeIgniter->runController(Object(App\Controllers\Profil))
10 SYSTEMPATH\CodeIgniter.php(355): CodeIgniter\CodeIgniter->handleRequest(null, Object(Config\Cache), false)
11 SYSTEMPATH\Boot.php(312): CodeIgniter\CodeIgniter->run()
12 SYSTEMPATH\Boot.php(67): CodeIgniter\Boot::runCodeIgniter(Object(CodeIgniter\CodeIgniter))
13 FCPATH\index.php(56): CodeIgniter\Boot::bootWeb(Object(Config\Paths))
14 SYSTEMPATH\Commands\Server\rewrite.php(49): require_once('C:\\xampp\\htdocs\\appldr\\public\\index.php')
