CRITICAL - 2024-06-09 04:16:50 --> ErrorException: Undefined variable $profile
[Method: GET, Route: profil]
in APPPATH\Views\freeuser\home\profil.php on line 19.
 1 APPPATH\Views\freeuser\home\profil.php(19): CodeIgniter\Debug\Exceptions->errorHandler(2, 'Undefined variable $profile', 'C:\\xampp\\htdocs\\appldr\\app\\Views\\freeuser\\home\\profil.php', 19)
 2 SYSTEMPATH\View\View.php(234): include('C:\\xampp\\htdocs\\appldr\\app\\Views\\freeuser\\home\\profil.php')
 3 SYSTEMPATH\View\View.php(237): CodeIgniter\View\View->CodeIgniter\View\{closure}()
 4 SYSTEMPATH\Common.php(1171): CodeIgniter\View\View->render('freeuser/home/profil', [], true)
 5 APPPATH\Controllers\Home.php(16): view('freeuser/home/profil')
 6 SYSTEMPATH\CodeIgniter.php(933): App\Controllers\Home->profil()
 7 SYSTEMPATH\CodeIgniter.php(509): CodeIgniter\CodeIgniter->runController(Object(App\Controllers\Home))
 8 SYSTEMPATH\CodeIgniter.php(355): CodeIgniter\CodeIgniter->handleRequest(null, Object(Config\Cache), false)
 9 SYSTEMPATH\Boot.php(312): CodeIgniter\CodeIgniter->run()
10 SYSTEMPATH\Boot.php(67): CodeIgniter\Boot::runCodeIgniter(Object(CodeIgniter\CodeIgniter))
11 FCPATH\index.php(56): CodeIgniter\Boot::bootWeb(Object(Config\Paths))
12 SYSTEMPATH\Commands\Server\rewrite.php(49): require_once('C:\\xampp\\htdocs\\appldr\\public\\index.php')
CRITICAL - 2024-06-09 04:18:07 --> ParseError: syntax error, unexpected token "endforeach", expecting end of file
[Method: GET, Route: profil]
in APPPATH\Views\freeuser\home\profil.php on line 74.
 1 SYSTEMPATH\View\View.php(237): CodeIgniter\View\View->CodeIgniter\View\{closure}()
 2 SYSTEMPATH\Common.php(1171): CodeIgniter\View\View->render('freeuser/home/profil', [], true)
 3 APPPATH\Controllers\Home.php(16): view('freeuser/home/profil')
 4 SYSTEMPATH\CodeIgniter.php(933): App\Controllers\Home->profil()
 5 SYSTEMPATH\CodeIgniter.php(509): CodeIgniter\CodeIgniter->runController(Object(App\Controllers\Home))
 6 SYSTEMPATH\CodeIgniter.php(355): CodeIgniter\CodeIgniter->handleRequest(null, Object(Config\Cache), false)
 7 SYSTEMPATH\Boot.php(312): CodeIgniter\CodeIgniter->run()
 8 SYSTEMPATH\Boot.php(67): CodeIgniter\Boot::runCodeIgniter(Object(CodeIgniter\CodeIgniter))
 9 FCPATH\index.php(56): CodeIgniter\Boot::bootWeb(Object(Config\Paths))
10 SYSTEMPATH\Commands\Server\rewrite.php(49): require_once('C:\\xampp\\htdocs\\appldr\\public\\index.php')
CRITICAL - 2024-06-09 04:25:10 --> ErrorException: Undefined variable $profile
[Method: GET, Route: profil]
in APPPATH\Views\freeuser\home\profil.php on line 19.
 1 APPPATH\Views\freeuser\home\profil.php(19): CodeIgniter\Debug\Exceptions->errorHandler(2, 'Undefined variable $profile', 'C:\\xampp\\htdocs\\appldr\\app\\Views\\freeuser\\home\\profil.php', 19)
 2 SYSTEMPATH\View\View.php(234): include('C:\\xampp\\htdocs\\appldr\\app\\Views\\freeuser\\home\\profil.php')
 3 SYSTEMPATH\View\View.php(237): CodeIgniter\View\View->CodeIgniter\View\{closure}()
 4 SYSTEMPATH\Common.php(1171): CodeIgniter\View\View->render('freeuser/home/profil', [], true)
 5 APPPATH\Controllers\Home.php(16): view('freeuser/home/profil')
 6 SYSTEMPATH\CodeIgniter.php(933): App\Controllers\Home->profil()
 7 SYSTEMPATH\CodeIgniter.php(509): CodeIgniter\CodeIgniter->runController(Object(App\Controllers\Home))
 8 SYSTEMPATH\CodeIgniter.php(355): CodeIgniter\CodeIgniter->handleRequest(null, Object(Config\Cache), false)
 9 SYSTEMPATH\Boot.php(312): CodeIgniter\CodeIgniter->run()
10 SYSTEMPATH\Boot.php(67): CodeIgniter\Boot::runCodeIgniter(Object(CodeIgniter\CodeIgniter))
11 FCPATH\index.php(56): CodeIgniter\Boot::bootWeb(Object(Config\Paths))
12 SYSTEMPATH\Commands\Server\rewrite.php(49): require_once('C:\\xampp\\htdocs\\appldr\\public\\index.php')
CRITICAL - 2024-06-09 04:38:50 --> ErrorException: Undefined variable $profile
[Method: GET, Route: profil]
in APPPATH\Views\freeuser\home\profil.php on line 17.
 1 APPPATH\Views\freeuser\home\profil.php(17): CodeIgniter\Debug\Exceptions->errorHandler(2, 'Undefined variable $profile', 'C:\\xampp\\htdocs\\appldr\\app\\Views\\freeuser\\home\\profil.php', 17)
 2 SYSTEMPATH\View\View.php(234): include('C:\\xampp\\htdocs\\appldr\\app\\Views\\freeuser\\home\\profil.php')
 3 SYSTEMPATH\View\View.php(237): CodeIgniter\View\View->CodeIgniter\View\{closure}()
 4 SYSTEMPATH\Common.php(1171): CodeIgniter\View\View->render('freeuser/home/profil', [], true)
 5 APPPATH\Controllers\Home.php(16): view('freeuser/home/profil')
 6 SYSTEMPATH\CodeIgniter.php(933): App\Controllers\Home->profil()
 7 SYSTEMPATH\CodeIgniter.php(509): CodeIgniter\CodeIgniter->runController(Object(App\Controllers\Home))
 8 SYSTEMPATH\CodeIgniter.php(355): CodeIgniter\CodeIgniter->handleRequest(null, Object(Config\Cache), false)
 9 SYSTEMPATH\Boot.php(312): CodeIgniter\CodeIgniter->run()
10 SYSTEMPATH\Boot.php(67): CodeIgniter\Boot::runCodeIgniter(Object(CodeIgniter\CodeIgniter))
11 FCPATH\index.php(56): CodeIgniter\Boot::bootWeb(Object(Config\Paths))
12 SYSTEMPATH\Commands\Server\rewrite.php(49): require_once('C:\\xampp\\htdocs\\appldr\\public\\index.php')
CRITICAL - 2024-06-09 09:12:39 --> CodeIgniter\View\Exceptions\ViewException: Invalid file: "pesanan/index.php"
[Method: GET, Route: pesanan]
in SYSTEMPATH\Exceptions\FrameworkException.php on line 41.
 1 SYSTEMPATH\View\View.php(222): CodeIgniter\Exceptions\FrameworkException::forInvalidFile('pesanan/index.php')
 2 SYSTEMPATH\Common.php(1171): CodeIgniter\View\View->render('pesanan/index', [], true)
 3 APPPATH\Controllers\Pesanan.php(14): view('pesanan/index', [...])
 4 SYSTEMPATH\CodeIgniter.php(933): App\Controllers\Pesanan->index()
 5 SYSTEMPATH\CodeIgniter.php(509): CodeIgniter\CodeIgniter->runController(Object(App\Controllers\Pesanan))
 6 SYSTEMPATH\CodeIgniter.php(355): CodeIgniter\CodeIgniter->handleRequest(null, Object(Config\Cache), false)
 7 SYSTEMPATH\Boot.php(312): CodeIgniter\CodeIgniter->run()
 8 SYSTEMPATH\Boot.php(67): CodeIgniter\Boot::runCodeIgniter(Object(CodeIgniter\CodeIgniter))
 9 FCPATH\index.php(56): CodeIgniter\Boot::bootWeb(Object(Config\Paths))
10 SYSTEMPATH\Commands\Server\rewrite.php(49): require_once('C:\\xampp\\htdocs\\appldr\\public\\index.php')
