ERROR - 2024-06-10 07:12:05 --> Error connecting to the database: mysqli_sql_exception: No connection could be made because the target machine actively refused it in C:\xampp\htdocs\appldr\system\Database\MySQLi\Connection.php:186
Stack trace:
#0 C:\xampp\htdocs\appldr\system\Database\MySQLi\Connection.php(186): mysqli->real_connect('p:localhost', 'root', Object(SensitiveParameterValue), 'ldr_db', 3306, '', 0)
#1 C:\xampp\htdocs\appldr\system\Database\BaseConnection.php(421): CodeIgniter\Database\MySQLi\Connection->connect(true)
#2 C:\xampp\htdocs\appldr\system\Database\BaseConnection.php(604): CodeIgniter\Database\BaseConnection->initialize()
#3 C:\xampp\htdocs\appldr\system\Database\BaseBuilder.php(1629): CodeIgniter\Database\BaseConnection->query('SELECT *\nFROM `...', Array, false)
#4 C:\xampp\htdocs\appldr\system\Model.php(275): CodeIgniter\Database\BaseBuilder->get()
#5 C:\xampp\htdocs\appldr\system\BaseModel.php(676): CodeIgniter\Model->doFindAll(0, 0)
#6 C:\xampp\htdocs\appldr\app\Controllers\Profil.php(12): CodeIgniter\BaseModel->findAll()
#7 C:\xampp\htdocs\appldr\system\CodeIgniter.php(933): App\Controllers\Profil->index()
#8 C:\xampp\htdocs\appldr\system\CodeIgniter.php(509): CodeIgniter\CodeIgniter->runController(Object(App\Controllers\Profil))
#9 C:\xampp\htdocs\appldr\system\CodeIgniter.php(355): CodeIgniter\CodeIgniter->handleRequest(NULL, Object(Config\Cache), false)
#10 C:\xampp\htdocs\appldr\system\Boot.php(312): CodeIgniter\CodeIgniter->run()
#11 C:\xampp\htdocs\appldr\system\Boot.php(67): CodeIgniter\Boot::runCodeIgniter(Object(CodeIgniter\CodeIgniter))
#12 C:\xampp\htdocs\appldr\public\index.php(56): CodeIgniter\Boot::bootWeb(Object(Config\Paths))
#13 C:\xampp\htdocs\appldr\system\Commands\Server\rewrite.php(49): require_once('C:\\xampp\\htdocs...')
#14 {main}

Next CodeIgniter\Database\Exceptions\DatabaseException: No connection could be made because the target machine actively refused it in C:\xampp\htdocs\appldr\system\Database\MySQLi\Connection.php:231
Stack trace:
#0 C:\xampp\htdocs\appldr\system\Database\BaseConnection.php(421): CodeIgniter\Database\MySQLi\Connection->connect(true)
#1 C:\xampp\htdocs\appldr\system\Database\BaseConnection.php(604): CodeIgniter\Database\BaseConnection->initialize()
#2 C:\xampp\htdocs\appldr\system\Database\BaseBuilder.php(1629): CodeIgniter\Database\BaseConnection->query('SELECT *\nFROM `...', Array, false)
#3 C:\xampp\htdocs\appldr\system\Model.php(275): CodeIgniter\Database\BaseBuilder->get()
#4 C:\xampp\htdocs\appldr\system\BaseModel.php(676): CodeIgniter\Model->doFindAll(0, 0)
#5 C:\xampp\htdocs\appldr\app\Controllers\Profil.php(12): CodeIgniter\BaseModel->findAll()
#6 C:\xampp\htdocs\appldr\system\CodeIgniter.php(933): App\Controllers\Profil->index()
#7 C:\xampp\htdocs\appldr\system\CodeIgniter.php(509): CodeIgniter\CodeIgniter->runController(Object(App\Controllers\Profil))
#8 C:\xampp\htdocs\appldr\system\CodeIgniter.php(355): CodeIgniter\CodeIgniter->handleRequest(NULL, Object(Config\Cache), false)
#9 C:\xampp\htdocs\appldr\system\Boot.php(312): CodeIgniter\CodeIgniter->run()
#10 C:\xampp\htdocs\appldr\system\Boot.php(67): CodeIgniter\Boot::runCodeIgniter(Object(CodeIgniter\CodeIgniter))
#11 C:\xampp\htdocs\appldr\public\index.php(56): CodeIgniter\Boot::bootWeb(Object(Config\Paths))
#12 C:\xampp\htdocs\appldr\system\Commands\Server\rewrite.php(49): require_once('C:\\xampp\\htdocs...')
#13 {main}
CRITICAL - 2024-06-10 07:12:05 --> CodeIgniter\Database\Exceptions\DatabaseException: Unable to connect to the database.
Main connection [MySQLi]: No connection could be made because the target machine actively refused it
[Method: GET, Route: dataProfil]
in SYSTEMPATH\Database\BaseConnection.php on line 457.
 1 SYSTEMPATH\Database\BaseConnection.php(604): CodeIgniter\Database\BaseConnection->initialize()
 2 SYSTEMPATH\Database\BaseBuilder.php(1629): CodeIgniter\Database\BaseConnection->query('SELECT *
FROM `profile`', [], false)
 3 SYSTEMPATH\Model.php(275): CodeIgniter\Database\BaseBuilder->get()
 4 SYSTEMPATH\BaseModel.php(676): CodeIgniter\Model->doFindAll(0, 0)
 5 APPPATH\Controllers\Profil.php(12): CodeIgniter\BaseModel->findAll()
 6 SYSTEMPATH\CodeIgniter.php(933): App\Controllers\Profil->index()
 7 SYSTEMPATH\CodeIgniter.php(509): CodeIgniter\CodeIgniter->runController(Object(App\Controllers\Profil))
 8 SYSTEMPATH\CodeIgniter.php(355): CodeIgniter\CodeIgniter->handleRequest(null, Object(Config\Cache), false)
 9 SYSTEMPATH\Boot.php(312): CodeIgniter\CodeIgniter->run()
10 SYSTEMPATH\Boot.php(67): CodeIgniter\Boot::runCodeIgniter(Object(CodeIgniter\CodeIgniter))
11 FCPATH\index.php(56): CodeIgniter\Boot::bootWeb(Object(Config\Paths))
12 SYSTEMPATH\Commands\Server\rewrite.php(49): require_once('C:\\xampp\\htdocs\\appldr\\public\\index.php')
ERROR - 2024-06-10 07:12:09 --> Error connecting to the database: mysqli_sql_exception: No connection could be made because the target machine actively refused it in C:\xampp\htdocs\appldr\system\Database\MySQLi\Connection.php:186
Stack trace:
#0 C:\xampp\htdocs\appldr\system\Database\MySQLi\Connection.php(186): mysqli->real_connect('p:localhost', 'root', Object(SensitiveParameterValue), 'ldr_db', 3306, '', 0)
#1 C:\xampp\htdocs\appldr\system\Database\BaseConnection.php(421): CodeIgniter\Database\MySQLi\Connection->connect(true)
#2 C:\xampp\htdocs\appldr\system\Database\BaseConnection.php(604): CodeIgniter\Database\BaseConnection->initialize()
#3 C:\xampp\htdocs\appldr\system\Database\BaseBuilder.php(1629): CodeIgniter\Database\BaseConnection->query('SELECT *\nFROM `...', Array, false)
#4 C:\xampp\htdocs\appldr\system\Model.php(275): CodeIgniter\Database\BaseBuilder->get()
#5 C:\xampp\htdocs\appldr\system\BaseModel.php(676): CodeIgniter\Model->doFindAll(0, 0)
#6 C:\xampp\htdocs\appldr\app\Controllers\Profil.php(12): CodeIgniter\BaseModel->findAll()
#7 C:\xampp\htdocs\appldr\system\CodeIgniter.php(933): App\Controllers\Profil->index()
#8 C:\xampp\htdocs\appldr\system\CodeIgniter.php(509): CodeIgniter\CodeIgniter->runController(Object(App\Controllers\Profil))
#9 C:\xampp\htdocs\appldr\system\CodeIgniter.php(355): CodeIgniter\CodeIgniter->handleRequest(NULL, Object(Config\Cache), false)
#10 C:\xampp\htdocs\appldr\system\Boot.php(312): CodeIgniter\CodeIgniter->run()
#11 C:\xampp\htdocs\appldr\system\Boot.php(67): CodeIgniter\Boot::runCodeIgniter(Object(CodeIgniter\CodeIgniter))
#12 C:\xampp\htdocs\appldr\public\index.php(56): CodeIgniter\Boot::bootWeb(Object(Config\Paths))
#13 C:\xampp\htdocs\appldr\system\Commands\Server\rewrite.php(49): require_once('C:\\xampp\\htdocs...')
#14 {main}

Next CodeIgniter\Database\Exceptions\DatabaseException: No connection could be made because the target machine actively refused it in C:\xampp\htdocs\appldr\system\Database\MySQLi\Connection.php:231
Stack trace:
#0 C:\xampp\htdocs\appldr\system\Database\BaseConnection.php(421): CodeIgniter\Database\MySQLi\Connection->connect(true)
#1 C:\xampp\htdocs\appldr\system\Database\BaseConnection.php(604): CodeIgniter\Database\BaseConnection->initialize()
#2 C:\xampp\htdocs\appldr\system\Database\BaseBuilder.php(1629): CodeIgniter\Database\BaseConnection->query('SELECT *\nFROM `...', Array, false)
#3 C:\xampp\htdocs\appldr\system\Model.php(275): CodeIgniter\Database\BaseBuilder->get()
#4 C:\xampp\htdocs\appldr\system\BaseModel.php(676): CodeIgniter\Model->doFindAll(0, 0)
#5 C:\xampp\htdocs\appldr\app\Controllers\Profil.php(12): CodeIgniter\BaseModel->findAll()
#6 C:\xampp\htdocs\appldr\system\CodeIgniter.php(933): App\Controllers\Profil->index()
#7 C:\xampp\htdocs\appldr\system\CodeIgniter.php(509): CodeIgniter\CodeIgniter->runController(Object(App\Controllers\Profil))
#8 C:\xampp\htdocs\appldr\system\CodeIgniter.php(355): CodeIgniter\CodeIgniter->handleRequest(NULL, Object(Config\Cache), false)
#9 C:\xampp\htdocs\appldr\system\Boot.php(312): CodeIgniter\CodeIgniter->run()
#10 C:\xampp\htdocs\appldr\system\Boot.php(67): CodeIgniter\Boot::runCodeIgniter(Object(CodeIgniter\CodeIgniter))
#11 C:\xampp\htdocs\appldr\public\index.php(56): CodeIgniter\Boot::bootWeb(Object(Config\Paths))
#12 C:\xampp\htdocs\appldr\system\Commands\Server\rewrite.php(49): require_once('C:\\xampp\\htdocs...')
#13 {main}
CRITICAL - 2024-06-10 07:12:09 --> CodeIgniter\Database\Exceptions\DatabaseException: Unable to connect to the database.
Main connection [MySQLi]: No connection could be made because the target machine actively refused it
[Method: GET, Route: dataProfil]
in SYSTEMPATH\Database\BaseConnection.php on line 457.
 1 SYSTEMPATH\Database\BaseConnection.php(604): CodeIgniter\Database\BaseConnection->initialize()
 2 SYSTEMPATH\Database\BaseBuilder.php(1629): CodeIgniter\Database\BaseConnection->query('SELECT *
FROM `profile`', [], false)
 3 SYSTEMPATH\Model.php(275): CodeIgniter\Database\BaseBuilder->get()
 4 SYSTEMPATH\BaseModel.php(676): CodeIgniter\Model->doFindAll(0, 0)
 5 APPPATH\Controllers\Profil.php(12): CodeIgniter\BaseModel->findAll()
 6 SYSTEMPATH\CodeIgniter.php(933): App\Controllers\Profil->index()
 7 SYSTEMPATH\CodeIgniter.php(509): CodeIgniter\CodeIgniter->runController(Object(App\Controllers\Profil))
 8 SYSTEMPATH\CodeIgniter.php(355): CodeIgniter\CodeIgniter->handleRequest(null, Object(Config\Cache), false)
 9 SYSTEMPATH\Boot.php(312): CodeIgniter\CodeIgniter->run()
10 SYSTEMPATH\Boot.php(67): CodeIgniter\Boot::runCodeIgniter(Object(CodeIgniter\CodeIgniter))
11 FCPATH\index.php(56): CodeIgniter\Boot::bootWeb(Object(Config\Paths))
12 SYSTEMPATH\Commands\Server\rewrite.php(49): require_once('C:\\xampp\\htdocs\\appldr\\public\\index.php')
ERROR - 2024-06-10 07:13:10 --> Error connecting to the database: mysqli_sql_exception: No connection could be made because the target machine actively refused it in C:\xampp\htdocs\appldr\system\Database\MySQLi\Connection.php:186
Stack trace:
#0 C:\xampp\htdocs\appldr\system\Database\MySQLi\Connection.php(186): mysqli->real_connect('p:localhost', 'root', Object(SensitiveParameterValue), 'ldr_db', 3306, '', 0)
#1 C:\xampp\htdocs\appldr\system\Database\BaseConnection.php(421): CodeIgniter\Database\MySQLi\Connection->connect(true)
#2 C:\xampp\htdocs\appldr\system\Database\BaseConnection.php(604): CodeIgniter\Database\BaseConnection->initialize()
#3 C:\xampp\htdocs\appldr\system\Database\BaseBuilder.php(1629): CodeIgniter\Database\BaseConnection->query('SELECT *\nFROM `...', Array, false)
#4 C:\xampp\htdocs\appldr\system\Model.php(275): CodeIgniter\Database\BaseBuilder->get()
#5 C:\xampp\htdocs\appldr\system\BaseModel.php(676): CodeIgniter\Model->doFindAll(0, 0)
#6 C:\xampp\htdocs\appldr\app\Controllers\Profil.php(12): CodeIgniter\BaseModel->findAll()
#7 C:\xampp\htdocs\appldr\system\CodeIgniter.php(933): App\Controllers\Profil->index()
#8 C:\xampp\htdocs\appldr\system\CodeIgniter.php(509): CodeIgniter\CodeIgniter->runController(Object(App\Controllers\Profil))
#9 C:\xampp\htdocs\appldr\system\CodeIgniter.php(355): CodeIgniter\CodeIgniter->handleRequest(NULL, Object(Config\Cache), false)
#10 C:\xampp\htdocs\appldr\system\Boot.php(312): CodeIgniter\CodeIgniter->run()
#11 C:\xampp\htdocs\appldr\system\Boot.php(67): CodeIgniter\Boot::runCodeIgniter(Object(CodeIgniter\CodeIgniter))
#12 C:\xampp\htdocs\appldr\public\index.php(56): CodeIgniter\Boot::bootWeb(Object(Config\Paths))
#13 C:\xampp\htdocs\appldr\system\Commands\Server\rewrite.php(49): require_once('C:\\xampp\\htdocs...')
#14 {main}

Next CodeIgniter\Database\Exceptions\DatabaseException: No connection could be made because the target machine actively refused it in C:\xampp\htdocs\appldr\system\Database\MySQLi\Connection.php:231
Stack trace:
#0 C:\xampp\htdocs\appldr\system\Database\BaseConnection.php(421): CodeIgniter\Database\MySQLi\Connection->connect(true)
#1 C:\xampp\htdocs\appldr\system\Database\BaseConnection.php(604): CodeIgniter\Database\BaseConnection->initialize()
#2 C:\xampp\htdocs\appldr\system\Database\BaseBuilder.php(1629): CodeIgniter\Database\BaseConnection->query('SELECT *\nFROM `...', Array, false)
#3 C:\xampp\htdocs\appldr\system\Model.php(275): CodeIgniter\Database\BaseBuilder->get()
#4 C:\xampp\htdocs\appldr\system\BaseModel.php(676): CodeIgniter\Model->doFindAll(0, 0)
#5 C:\xampp\htdocs\appldr\app\Controllers\Profil.php(12): CodeIgniter\BaseModel->findAll()
#6 C:\xampp\htdocs\appldr\system\CodeIgniter.php(933): App\Controllers\Profil->index()
#7 C:\xampp\htdocs\appldr\system\CodeIgniter.php(509): CodeIgniter\CodeIgniter->runController(Object(App\Controllers\Profil))
#8 C:\xampp\htdocs\appldr\system\CodeIgniter.php(355): CodeIgniter\CodeIgniter->handleRequest(NULL, Object(Config\Cache), false)
#9 C:\xampp\htdocs\appldr\system\Boot.php(312): CodeIgniter\CodeIgniter->run()
#10 C:\xampp\htdocs\appldr\system\Boot.php(67): CodeIgniter\Boot::runCodeIgniter(Object(CodeIgniter\CodeIgniter))
#11 C:\xampp\htdocs\appldr\public\index.php(56): CodeIgniter\Boot::bootWeb(Object(Config\Paths))
#12 C:\xampp\htdocs\appldr\system\Commands\Server\rewrite.php(49): require_once('C:\\xampp\\htdocs...')
#13 {main}
CRITICAL - 2024-06-10 07:13:10 --> CodeIgniter\Database\Exceptions\DatabaseException: Unable to connect to the database.
Main connection [MySQLi]: No connection could be made because the target machine actively refused it
[Method: GET, Route: dataProfil]
in SYSTEMPATH\Database\BaseConnection.php on line 457.
 1 SYSTEMPATH\Database\BaseConnection.php(604): CodeIgniter\Database\BaseConnection->initialize()
 2 SYSTEMPATH\Database\BaseBuilder.php(1629): CodeIgniter\Database\BaseConnection->query('SELECT *
FROM `profile`', [], false)
 3 SYSTEMPATH\Model.php(275): CodeIgniter\Database\BaseBuilder->get()
 4 SYSTEMPATH\BaseModel.php(676): CodeIgniter\Model->doFindAll(0, 0)
 5 APPPATH\Controllers\Profil.php(12): CodeIgniter\BaseModel->findAll()
 6 SYSTEMPATH\CodeIgniter.php(933): App\Controllers\Profil->index()
 7 SYSTEMPATH\CodeIgniter.php(509): CodeIgniter\CodeIgniter->runController(Object(App\Controllers\Profil))
 8 SYSTEMPATH\CodeIgniter.php(355): CodeIgniter\CodeIgniter->handleRequest(null, Object(Config\Cache), false)
 9 SYSTEMPATH\Boot.php(312): CodeIgniter\CodeIgniter->run()
10 SYSTEMPATH\Boot.php(67): CodeIgniter\Boot::runCodeIgniter(Object(CodeIgniter\CodeIgniter))
11 FCPATH\index.php(56): CodeIgniter\Boot::bootWeb(Object(Config\Paths))
12 SYSTEMPATH\Commands\Server\rewrite.php(49): require_once('C:\\xampp\\htdocs\\appldr\\public\\index.php')
ERROR - 2024-06-10 07:30:22 --> Error connecting to the database: mysqli_sql_exception: Unknown database 'ldr_db' in C:\xamppp\htdocs\appldr\system\Database\MySQLi\Connection.php:186
Stack trace:
#0 C:\xamppp\htdocs\appldr\system\Database\MySQLi\Connection.php(186): mysqli->real_connect('p:localhost', 'root', Object(SensitiveParameterValue), 'ldr_db', 3306, '', 0)
#1 C:\xamppp\htdocs\appldr\system\Database\BaseConnection.php(421): CodeIgniter\Database\MySQLi\Connection->connect(true)
#2 C:\xamppp\htdocs\appldr\system\Database\BaseConnection.php(604): CodeIgniter\Database\BaseConnection->initialize()
#3 C:\xamppp\htdocs\appldr\system\Database\BaseBuilder.php(1629): CodeIgniter\Database\BaseConnection->query('SELECT *\nFROM `...', Array, false)
#4 C:\xamppp\htdocs\appldr\system\Model.php(275): CodeIgniter\Database\BaseBuilder->get()
#5 C:\xamppp\htdocs\appldr\system\BaseModel.php(676): CodeIgniter\Model->doFindAll(0, 0)
#6 C:\xamppp\htdocs\appldr\app\Controllers\Profil.php(12): CodeIgniter\BaseModel->findAll()
#7 C:\xamppp\htdocs\appldr\system\CodeIgniter.php(933): App\Controllers\Profil->index()
#8 C:\xamppp\htdocs\appldr\system\CodeIgniter.php(509): CodeIgniter\CodeIgniter->runController(Object(App\Controllers\Profil))
#9 C:\xamppp\htdocs\appldr\system\CodeIgniter.php(355): CodeIgniter\CodeIgniter->handleRequest(NULL, Object(Config\Cache), false)
#10 C:\xamppp\htdocs\appldr\system\Boot.php(312): CodeIgniter\CodeIgniter->run()
#11 C:\xamppp\htdocs\appldr\system\Boot.php(67): CodeIgniter\Boot::runCodeIgniter(Object(CodeIgniter\CodeIgniter))
#12 C:\xamppp\htdocs\appldr\public\index.php(56): CodeIgniter\Boot::bootWeb(Object(Config\Paths))
#13 C:\xamppp\htdocs\appldr\system\Commands\Server\rewrite.php(49): require_once('C:\\xamppp\\htdoc...')
#14 {main}

Next CodeIgniter\Database\Exceptions\DatabaseException: Unknown database 'ldr_db' in C:\xamppp\htdocs\appldr\system\Database\MySQLi\Connection.php:231
Stack trace:
#0 C:\xamppp\htdocs\appldr\system\Database\BaseConnection.php(421): CodeIgniter\Database\MySQLi\Connection->connect(true)
#1 C:\xamppp\htdocs\appldr\system\Database\BaseConnection.php(604): CodeIgniter\Database\BaseConnection->initialize()
#2 C:\xamppp\htdocs\appldr\system\Database\BaseBuilder.php(1629): CodeIgniter\Database\BaseConnection->query('SELECT *\nFROM `...', Array, false)
#3 C:\xamppp\htdocs\appldr\system\Model.php(275): CodeIgniter\Database\BaseBuilder->get()
#4 C:\xamppp\htdocs\appldr\system\BaseModel.php(676): CodeIgniter\Model->doFindAll(0, 0)
#5 C:\xamppp\htdocs\appldr\app\Controllers\Profil.php(12): CodeIgniter\BaseModel->findAll()
#6 C:\xamppp\htdocs\appldr\system\CodeIgniter.php(933): App\Controllers\Profil->index()
#7 C:\xamppp\htdocs\appldr\system\CodeIgniter.php(509): CodeIgniter\CodeIgniter->runController(Object(App\Controllers\Profil))
#8 C:\xamppp\htdocs\appldr\system\CodeIgniter.php(355): CodeIgniter\CodeIgniter->handleRequest(NULL, Object(Config\Cache), false)
#9 C:\xamppp\htdocs\appldr\system\Boot.php(312): CodeIgniter\CodeIgniter->run()
#10 C:\xamppp\htdocs\appldr\system\Boot.php(67): CodeIgniter\Boot::runCodeIgniter(Object(CodeIgniter\CodeIgniter))
#11 C:\xamppp\htdocs\appldr\public\index.php(56): CodeIgniter\Boot::bootWeb(Object(Config\Paths))
#12 C:\xamppp\htdocs\appldr\system\Commands\Server\rewrite.php(49): require_once('C:\\xamppp\\htdoc...')
#13 {main}
CRITICAL - 2024-06-10 07:30:22 --> CodeIgniter\Database\Exceptions\DatabaseException: Unable to connect to the database.
Main connection [MySQLi]: Unknown database 'ldr_db'
[Method: GET, Route: dataProfil]
in SYSTEMPATH\Database\BaseConnection.php on line 457.
 1 SYSTEMPATH\Database\BaseConnection.php(604): CodeIgniter\Database\BaseConnection->initialize()
 2 SYSTEMPATH\Database\BaseBuilder.php(1629): CodeIgniter\Database\BaseConnection->query('SELECT *
FROM `profile`', [], false)
 3 SYSTEMPATH\Model.php(275): CodeIgniter\Database\BaseBuilder->get()
 4 SYSTEMPATH\BaseModel.php(676): CodeIgniter\Model->doFindAll(0, 0)
 5 APPPATH\Controllers\Profil.php(12): CodeIgniter\BaseModel->findAll()
 6 SYSTEMPATH\CodeIgniter.php(933): App\Controllers\Profil->index()
 7 SYSTEMPATH\CodeIgniter.php(509): CodeIgniter\CodeIgniter->runController(Object(App\Controllers\Profil))
 8 SYSTEMPATH\CodeIgniter.php(355): CodeIgniter\CodeIgniter->handleRequest(null, Object(Config\Cache), false)
 9 SYSTEMPATH\Boot.php(312): CodeIgniter\CodeIgniter->run()
10 SYSTEMPATH\Boot.php(67): CodeIgniter\Boot::runCodeIgniter(Object(CodeIgniter\CodeIgniter))
11 FCPATH\index.php(56): CodeIgniter\Boot::bootWeb(Object(Config\Paths))
12 SYSTEMPATH\Commands\Server\rewrite.php(49): require_once('C:\\xamppp\\htdocs\\appldr\\public\\index.php')
ERROR - 2024-06-10 07:30:24 --> Error connecting to the database: mysqli_sql_exception: Unknown database 'ldr_db' in C:\xamppp\htdocs\appldr\system\Database\MySQLi\Connection.php:186
Stack trace:
#0 C:\xamppp\htdocs\appldr\system\Database\MySQLi\Connection.php(186): mysqli->real_connect('p:localhost', 'root', Object(SensitiveParameterValue), 'ldr_db', 3306, '', 0)
#1 C:\xamppp\htdocs\appldr\system\Database\BaseConnection.php(421): CodeIgniter\Database\MySQLi\Connection->connect(true)
#2 C:\xamppp\htdocs\appldr\system\Database\BaseConnection.php(604): CodeIgniter\Database\BaseConnection->initialize()
#3 C:\xamppp\htdocs\appldr\system\Database\BaseBuilder.php(1629): CodeIgniter\Database\BaseConnection->query('SELECT *\nFROM `...', Array, false)
#4 C:\xamppp\htdocs\appldr\system\Model.php(275): CodeIgniter\Database\BaseBuilder->get()
#5 C:\xamppp\htdocs\appldr\system\BaseModel.php(676): CodeIgniter\Model->doFindAll(0, 0)
#6 C:\xamppp\htdocs\appldr\app\Controllers\Profil.php(12): CodeIgniter\BaseModel->findAll()
#7 C:\xamppp\htdocs\appldr\system\CodeIgniter.php(933): App\Controllers\Profil->index()
#8 C:\xamppp\htdocs\appldr\system\CodeIgniter.php(509): CodeIgniter\CodeIgniter->runController(Object(App\Controllers\Profil))
#9 C:\xamppp\htdocs\appldr\system\CodeIgniter.php(355): CodeIgniter\CodeIgniter->handleRequest(NULL, Object(Config\Cache), false)
#10 C:\xamppp\htdocs\appldr\system\Boot.php(312): CodeIgniter\CodeIgniter->run()
#11 C:\xamppp\htdocs\appldr\system\Boot.php(67): CodeIgniter\Boot::runCodeIgniter(Object(CodeIgniter\CodeIgniter))
#12 C:\xamppp\htdocs\appldr\public\index.php(56): CodeIgniter\Boot::bootWeb(Object(Config\Paths))
#13 C:\xamppp\htdocs\appldr\system\Commands\Server\rewrite.php(49): require_once('C:\\xamppp\\htdoc...')
#14 {main}

Next CodeIgniter\Database\Exceptions\DatabaseException: Unknown database 'ldr_db' in C:\xamppp\htdocs\appldr\system\Database\MySQLi\Connection.php:231
Stack trace:
#0 C:\xamppp\htdocs\appldr\system\Database\BaseConnection.php(421): CodeIgniter\Database\MySQLi\Connection->connect(true)
#1 C:\xamppp\htdocs\appldr\system\Database\BaseConnection.php(604): CodeIgniter\Database\BaseConnection->initialize()
#2 C:\xamppp\htdocs\appldr\system\Database\BaseBuilder.php(1629): CodeIgniter\Database\BaseConnection->query('SELECT *\nFROM `...', Array, false)
#3 C:\xamppp\htdocs\appldr\system\Model.php(275): CodeIgniter\Database\BaseBuilder->get()
#4 C:\xamppp\htdocs\appldr\system\BaseModel.php(676): CodeIgniter\Model->doFindAll(0, 0)
#5 C:\xamppp\htdocs\appldr\app\Controllers\Profil.php(12): CodeIgniter\BaseModel->findAll()
#6 C:\xamppp\htdocs\appldr\system\CodeIgniter.php(933): App\Controllers\Profil->index()
#7 C:\xamppp\htdocs\appldr\system\CodeIgniter.php(509): CodeIgniter\CodeIgniter->runController(Object(App\Controllers\Profil))
#8 C:\xamppp\htdocs\appldr\system\CodeIgniter.php(355): CodeIgniter\CodeIgniter->handleRequest(NULL, Object(Config\Cache), false)
#9 C:\xamppp\htdocs\appldr\system\Boot.php(312): CodeIgniter\CodeIgniter->run()
#10 C:\xamppp\htdocs\appldr\system\Boot.php(67): CodeIgniter\Boot::runCodeIgniter(Object(CodeIgniter\CodeIgniter))
#11 C:\xamppp\htdocs\appldr\public\index.php(56): CodeIgniter\Boot::bootWeb(Object(Config\Paths))
#12 C:\xamppp\htdocs\appldr\system\Commands\Server\rewrite.php(49): require_once('C:\\xamppp\\htdoc...')
#13 {main}
CRITICAL - 2024-06-10 07:30:24 --> CodeIgniter\Database\Exceptions\DatabaseException: Unable to connect to the database.
Main connection [MySQLi]: Unknown database 'ldr_db'
[Method: GET, Route: dataProfil]
in SYSTEMPATH\Database\BaseConnection.php on line 457.
 1 SYSTEMPATH\Database\BaseConnection.php(604): CodeIgniter\Database\BaseConnection->initialize()
 2 SYSTEMPATH\Database\BaseBuilder.php(1629): CodeIgniter\Database\BaseConnection->query('SELECT *
FROM `profile`', [], false)
 3 SYSTEMPATH\Model.php(275): CodeIgniter\Database\BaseBuilder->get()
 4 SYSTEMPATH\BaseModel.php(676): CodeIgniter\Model->doFindAll(0, 0)
 5 APPPATH\Controllers\Profil.php(12): CodeIgniter\BaseModel->findAll()
 6 SYSTEMPATH\CodeIgniter.php(933): App\Controllers\Profil->index()
 7 SYSTEMPATH\CodeIgniter.php(509): CodeIgniter\CodeIgniter->runController(Object(App\Controllers\Profil))
 8 SYSTEMPATH\CodeIgniter.php(355): CodeIgniter\CodeIgniter->handleRequest(null, Object(Config\Cache), false)
 9 SYSTEMPATH\Boot.php(312): CodeIgniter\CodeIgniter->run()
10 SYSTEMPATH\Boot.php(67): CodeIgniter\Boot::runCodeIgniter(Object(CodeIgniter\CodeIgniter))
11 FCPATH\index.php(56): CodeIgniter\Boot::bootWeb(Object(Config\Paths))
12 SYSTEMPATH\Commands\Server\rewrite.php(49): require_once('C:\\xamppp\\htdocs\\appldr\\public\\index.php')
ERROR - 2024-06-10 07:33:03 --> mysqli_sql_exception: Column 'uraian' cannot be null in C:\xamppp\htdocs\appldr\system\Database\MySQLi\Connection.php:308
Stack trace:
#0 C:\xamppp\htdocs\appldr\system\Database\MySQLi\Connection.php(308): mysqli->query('INSERT INTO `pr...', 0)
#1 C:\xamppp\htdocs\appldr\system\Database\BaseConnection.php(722): CodeIgniter\Database\MySQLi\Connection->execute('INSERT INTO `pr...')
#2 C:\xamppp\htdocs\appldr\system\Database\BaseConnection.php(636): CodeIgniter\Database\BaseConnection->simpleQuery('INSERT INTO `pr...')
#3 C:\xamppp\htdocs\appldr\system\Database\BaseBuilder.php(2325): CodeIgniter\Database\BaseConnection->query('INSERT INTO `pr...', Array, false)
#4 C:\xamppp\htdocs\appldr\system\Model.php(383): CodeIgniter\Database\BaseBuilder->insert()
#5 C:\xamppp\htdocs\appldr\system\BaseModel.php(840): CodeIgniter\Model->doInsert(Array)
#6 C:\xamppp\htdocs\appldr\system\Model.php(791): CodeIgniter\BaseModel->insert(Array, false)
#7 C:\xamppp\htdocs\appldr\system\BaseModel.php(751): CodeIgniter\Model->insert(Array, false)
#8 C:\xamppp\htdocs\appldr\app\Controllers\Profil.php(49): CodeIgniter\BaseModel->save(Array)
#9 C:\xamppp\htdocs\appldr\system\CodeIgniter.php(933): App\Controllers\Profil->saveProfil()
#10 C:\xamppp\htdocs\appldr\system\CodeIgniter.php(509): CodeIgniter\CodeIgniter->runController(Object(App\Controllers\Profil))
#11 C:\xamppp\htdocs\appldr\system\CodeIgniter.php(355): CodeIgniter\CodeIgniter->handleRequest(NULL, Object(Config\Cache), false)
#12 C:\xamppp\htdocs\appldr\system\Boot.php(312): CodeIgniter\CodeIgniter->run()
#13 C:\xamppp\htdocs\appldr\system\Boot.php(67): CodeIgniter\Boot::runCodeIgniter(Object(CodeIgniter\CodeIgniter))
#14 C:\xamppp\htdocs\appldr\public\index.php(56): CodeIgniter\Boot::bootWeb(Object(Config\Paths))
#15 C:\xamppp\htdocs\appldr\system\Commands\Server\rewrite.php(49): require_once('C:\\xamppp\\htdoc...')
#16 {main}
CRITICAL - 2024-06-10 07:33:03 --> CodeIgniter\Database\Exceptions\DatabaseException: Column 'uraian' cannot be null
[Method: GET, Route: tambahProfil]
in SYSTEMPATH\Database\BaseConnection.php on line 676.
 1 SYSTEMPATH\Database\BaseBuilder.php(2325): CodeIgniter\Database\BaseConnection->query('INSERT INTO `profile` (`judul`, `uraian`) VALUES (:judul:, :uraian:)', [...], false)
 2 SYSTEMPATH\Model.php(383): CodeIgniter\Database\BaseBuilder->insert()
 3 SYSTEMPATH\BaseModel.php(840): CodeIgniter\Model->doInsert([...])
 4 SYSTEMPATH\Model.php(791): CodeIgniter\BaseModel->insert([...], false)
 5 SYSTEMPATH\BaseModel.php(751): CodeIgniter\Model->insert([...], false)
 6 APPPATH\Controllers\Profil.php(49): CodeIgniter\BaseModel->save([...])
 7 SYSTEMPATH\CodeIgniter.php(933): App\Controllers\Profil->saveProfil()
 8 SYSTEMPATH\CodeIgniter.php(509): CodeIgniter\CodeIgniter->runController(Object(App\Controllers\Profil))
 9 SYSTEMPATH\CodeIgniter.php(355): CodeIgniter\CodeIgniter->handleRequest(null, Object(Config\Cache), false)
10 SYSTEMPATH\Boot.php(312): CodeIgniter\CodeIgniter->run()
11 SYSTEMPATH\Boot.php(67): CodeIgniter\Boot::runCodeIgniter(Object(CodeIgniter\CodeIgniter))
12 FCPATH\index.php(56): CodeIgniter\Boot::bootWeb(Object(Config\Paths))
13 SYSTEMPATH\Commands\Server\rewrite.php(49): require_once('C:\\xamppp\\htdocs\\appldr\\public\\index.php')
CRITICAL - 2024-06-10 07:33:03 --> [Caused by] CodeIgniter\Database\Exceptions\DatabaseException: Column 'uraian' cannot be null
in SYSTEMPATH\Database\MySQLi\Connection.php on line 313.
 1 SYSTEMPATH\Database\BaseConnection.php(722): CodeIgniter\Database\MySQLi\Connection->execute('INSERT INTO `profile` (`judul`, `uraian`) VALUES (NULL, NULL)')
 2 SYSTEMPATH\Database\BaseConnection.php(636): CodeIgniter\Database\BaseConnection->simpleQuery('INSERT INTO `profile` (`judul`, `uraian`) VALUES (NULL, NULL)')
 3 SYSTEMPATH\Database\BaseBuilder.php(2325): CodeIgniter\Database\BaseConnection->query('INSERT INTO `profile` (`judul`, `uraian`) VALUES (:judul:, :uraian:)', [...], false)
 4 SYSTEMPATH\Model.php(383): CodeIgniter\Database\BaseBuilder->insert()
 5 SYSTEMPATH\BaseModel.php(840): CodeIgniter\Model->doInsert([...])
 6 SYSTEMPATH\Model.php(791): CodeIgniter\BaseModel->insert([...], false)
 7 SYSTEMPATH\BaseModel.php(751): CodeIgniter\Model->insert([...], false)
 8 APPPATH\Controllers\Profil.php(49): CodeIgniter\BaseModel->save([...])
 9 SYSTEMPATH\CodeIgniter.php(933): App\Controllers\Profil->saveProfil()
10 SYSTEMPATH\CodeIgniter.php(509): CodeIgniter\CodeIgniter->runController(Object(App\Controllers\Profil))
11 SYSTEMPATH\CodeIgniter.php(355): CodeIgniter\CodeIgniter->handleRequest(null, Object(Config\Cache), false)
12 SYSTEMPATH\Boot.php(312): CodeIgniter\CodeIgniter->run()
13 SYSTEMPATH\Boot.php(67): CodeIgniter\Boot::runCodeIgniter(Object(CodeIgniter\CodeIgniter))
14 FCPATH\index.php(56): CodeIgniter\Boot::bootWeb(Object(Config\Paths))
15 SYSTEMPATH\Commands\Server\rewrite.php(49): require_once('C:\\xamppp\\htdocs\\appldr\\public\\index.php')
CRITICAL - 2024-06-10 07:33:03 --> [Caused by] mysqli_sql_exception: Column 'uraian' cannot be null
in SYSTEMPATH\Database\MySQLi\Connection.php on line 308.
 1 SYSTEMPATH\Database\MySQLi\Connection.php(308): mysqli->query('INSERT INTO `profile` (`judul`, `uraian`) VALUES (NULL, NULL)', 0)
 2 SYSTEMPATH\Database\BaseConnection.php(722): CodeIgniter\Database\MySQLi\Connection->execute('INSERT INTO `profile` (`judul`, `uraian`) VALUES (NULL, NULL)')
 3 SYSTEMPATH\Database\BaseConnection.php(636): CodeIgniter\Database\BaseConnection->simpleQuery('INSERT INTO `profile` (`judul`, `uraian`) VALUES (NULL, NULL)')
 4 SYSTEMPATH\Database\BaseBuilder.php(2325): CodeIgniter\Database\BaseConnection->query('INSERT INTO `profile` (`judul`, `uraian`) VALUES (:judul:, :uraian:)', [...], false)
 5 SYSTEMPATH\Model.php(383): CodeIgniter\Database\BaseBuilder->insert()
 6 SYSTEMPATH\BaseModel.php(840): CodeIgniter\Model->doInsert([...])
 7 SYSTEMPATH\Model.php(791): CodeIgniter\BaseModel->insert([...], false)
 8 SYSTEMPATH\BaseModel.php(751): CodeIgniter\Model->insert([...], false)
 9 APPPATH\Controllers\Profil.php(49): CodeIgniter\BaseModel->save([...])
10 SYSTEMPATH\CodeIgniter.php(933): App\Controllers\Profil->saveProfil()
11 SYSTEMPATH\CodeIgniter.php(509): CodeIgniter\CodeIgniter->runController(Object(App\Controllers\Profil))
12 SYSTEMPATH\CodeIgniter.php(355): CodeIgniter\CodeIgniter->handleRequest(null, Object(Config\Cache), false)
13 SYSTEMPATH\Boot.php(312): CodeIgniter\CodeIgniter->run()
14 SYSTEMPATH\Boot.php(67): CodeIgniter\Boot::runCodeIgniter(Object(CodeIgniter\CodeIgniter))
15 FCPATH\index.php(56): CodeIgniter\Boot::bootWeb(Object(Config\Paths))
16 SYSTEMPATH\Commands\Server\rewrite.php(49): require_once('C:\\xamppp\\htdocs\\appldr\\public\\index.php')
CRITICAL - 2024-06-10 07:37:36 --> ErrorException: Undefined variable $key
[Method: GET, Route: akun]
in APPPATH\Views\Akun\akun.php on line 191.
 1 APPPATH\Views\Akun\akun.php(191): CodeIgniter\Debug\Exceptions->errorHandler(2, 'Undefined variable $key', 'C:\\xamppp\\htdocs\\appldr\\app\\Views\\Akun\\akun.php', 191)
 2 SYSTEMPATH\View\View.php(234): include('C:\\xamppp\\htdocs\\appldr\\app\\Views\\Akun\\akun.php')
 3 SYSTEMPATH\View\View.php(237): CodeIgniter\View\View->CodeIgniter\View\{closure}()
 4 SYSTEMPATH\Common.php(1171): CodeIgniter\View\View->render('akun/akun', [], true)
 5 APPPATH\Controllers\Akun.php(14): view('akun/akun', [...])
 6 SYSTEMPATH\CodeIgniter.php(933): App\Controllers\Akun->akun()
 7 SYSTEMPATH\CodeIgniter.php(509): CodeIgniter\CodeIgniter->runController(Object(App\Controllers\Akun))
 8 SYSTEMPATH\CodeIgniter.php(355): CodeIgniter\CodeIgniter->handleRequest(null, Object(Config\Cache), false)
 9 SYSTEMPATH\Boot.php(312): CodeIgniter\CodeIgniter->run()
10 SYSTEMPATH\Boot.php(67): CodeIgniter\Boot::runCodeIgniter(Object(CodeIgniter\CodeIgniter))
11 FCPATH\index.php(56): CodeIgniter\Boot::bootWeb(Object(Config\Paths))
12 SYSTEMPATH\Commands\Server\rewrite.php(49): require_once('C:\\xamppp\\htdocs\\appldr\\public\\index.php')
CRITICAL - 2024-06-10 07:52:39 --> ErrorException: Undefined variable $key
[Method: GET, Route: akun]
in APPPATH\Views\Akun\akun.php on line 191.
 1 APPPATH\Views\Akun\akun.php(191): CodeIgniter\Debug\Exceptions->errorHandler(2, 'Undefined variable $key', 'C:\\xamppp\\htdocs\\appldr\\app\\Views\\Akun\\akun.php', 191)
 2 SYSTEMPATH\View\View.php(234): include('C:\\xamppp\\htdocs\\appldr\\app\\Views\\Akun\\akun.php')
 3 SYSTEMPATH\View\View.php(237): CodeIgniter\View\View->CodeIgniter\View\{closure}()
 4 SYSTEMPATH\Common.php(1171): CodeIgniter\View\View->render('akun/akun', [], true)
 5 APPPATH\Controllers\Akun.php(14): view('akun/akun', [...])
 6 SYSTEMPATH\CodeIgniter.php(933): App\Controllers\Akun->akun()
 7 SYSTEMPATH\CodeIgniter.php(509): CodeIgniter\CodeIgniter->runController(Object(App\Controllers\Akun))
 8 SYSTEMPATH\CodeIgniter.php(355): CodeIgniter\CodeIgniter->handleRequest(null, Object(Config\Cache), false)
 9 SYSTEMPATH\Boot.php(312): CodeIgniter\CodeIgniter->run()
10 SYSTEMPATH\Boot.php(67): CodeIgniter\Boot::runCodeIgniter(Object(CodeIgniter\CodeIgniter))
11 FCPATH\index.php(56): CodeIgniter\Boot::bootWeb(Object(Config\Paths))
12 SYSTEMPATH\Commands\Server\rewrite.php(49): require_once('C:\\xamppp\\htdocs\\appldr\\public\\index.php')
ERROR - 2024-06-10 09:17:06 --> mysqli_sql_exception: Column 'uraian' cannot be null in C:\xamppp\htdocs\appldr\system\Database\MySQLi\Connection.php:308
Stack trace:
#0 C:\xamppp\htdocs\appldr\system\Database\MySQLi\Connection.php(308): mysqli->query('INSERT INTO `pr...', 0)
#1 C:\xamppp\htdocs\appldr\system\Database\BaseConnection.php(722): CodeIgniter\Database\MySQLi\Connection->execute('INSERT INTO `pr...')
#2 C:\xamppp\htdocs\appldr\system\Database\BaseConnection.php(636): CodeIgniter\Database\BaseConnection->simpleQuery('INSERT INTO `pr...')
#3 C:\xamppp\htdocs\appldr\system\Database\BaseBuilder.php(2325): CodeIgniter\Database\BaseConnection->query('INSERT INTO `pr...', Array, false)
#4 C:\xamppp\htdocs\appldr\system\Model.php(383): CodeIgniter\Database\BaseBuilder->insert()
#5 C:\xamppp\htdocs\appldr\system\BaseModel.php(840): CodeIgniter\Model->doInsert(Array)
#6 C:\xamppp\htdocs\appldr\system\Model.php(791): CodeIgniter\BaseModel->insert(Array, false)
#7 C:\xamppp\htdocs\appldr\system\BaseModel.php(751): CodeIgniter\Model->insert(Array, false)
#8 C:\xamppp\htdocs\appldr\app\Controllers\Profil.php(49): CodeIgniter\BaseModel->save(Array)
#9 C:\xamppp\htdocs\appldr\system\CodeIgniter.php(933): App\Controllers\Profil->saveProfil()
#10 C:\xamppp\htdocs\appldr\system\CodeIgniter.php(509): CodeIgniter\CodeIgniter->runController(Object(App\Controllers\Profil))
#11 C:\xamppp\htdocs\appldr\system\CodeIgniter.php(355): CodeIgniter\CodeIgniter->handleRequest(NULL, Object(Config\Cache), false)
#12 C:\xamppp\htdocs\appldr\system\Boot.php(312): CodeIgniter\CodeIgniter->run()
#13 C:\xamppp\htdocs\appldr\system\Boot.php(67): CodeIgniter\Boot::runCodeIgniter(Object(CodeIgniter\CodeIgniter))
#14 C:\xamppp\htdocs\appldr\public\index.php(56): CodeIgniter\Boot::bootWeb(Object(Config\Paths))
#15 C:\xamppp\htdocs\appldr\system\Commands\Server\rewrite.php(49): require_once('C:\\xamppp\\htdoc...')
#16 {main}
CRITICAL - 2024-06-10 09:17:06 --> CodeIgniter\Database\Exceptions\DatabaseException: Column 'uraian' cannot be null
[Method: GET, Route: tambahProfil]
in SYSTEMPATH\Database\BaseConnection.php on line 676.
 1 SYSTEMPATH\Database\BaseBuilder.php(2325): CodeIgniter\Database\BaseConnection->query('INSERT INTO `profile` (`judul`, `uraian`) VALUES (:judul:, :uraian:)', [...], false)
 2 SYSTEMPATH\Model.php(383): CodeIgniter\Database\BaseBuilder->insert()
 3 SYSTEMPATH\BaseModel.php(840): CodeIgniter\Model->doInsert([...])
 4 SYSTEMPATH\Model.php(791): CodeIgniter\BaseModel->insert([...], false)
 5 SYSTEMPATH\BaseModel.php(751): CodeIgniter\Model->insert([...], false)
 6 APPPATH\Controllers\Profil.php(49): CodeIgniter\BaseModel->save([...])
 7 SYSTEMPATH\CodeIgniter.php(933): App\Controllers\Profil->saveProfil()
 8 SYSTEMPATH\CodeIgniter.php(509): CodeIgniter\CodeIgniter->runController(Object(App\Controllers\Profil))
 9 SYSTEMPATH\CodeIgniter.php(355): CodeIgniter\CodeIgniter->handleRequest(null, Object(Config\Cache), false)
10 SYSTEMPATH\Boot.php(312): CodeIgniter\CodeIgniter->run()
11 SYSTEMPATH\Boot.php(67): CodeIgniter\Boot::runCodeIgniter(Object(CodeIgniter\CodeIgniter))
12 FCPATH\index.php(56): CodeIgniter\Boot::bootWeb(Object(Config\Paths))
13 SYSTEMPATH\Commands\Server\rewrite.php(49): require_once('C:\\xamppp\\htdocs\\appldr\\public\\index.php')
CRITICAL - 2024-06-10 09:17:06 --> [Caused by] CodeIgniter\Database\Exceptions\DatabaseException: Column 'uraian' cannot be null
in SYSTEMPATH\Database\MySQLi\Connection.php on line 313.
 1 SYSTEMPATH\Database\BaseConnection.php(722): CodeIgniter\Database\MySQLi\Connection->execute('INSERT INTO `profile` (`judul`, `uraian`) VALUES (NULL, NULL)')
 2 SYSTEMPATH\Database\BaseConnection.php(636): CodeIgniter\Database\BaseConnection->simpleQuery('INSERT INTO `profile` (`judul`, `uraian`) VALUES (NULL, NULL)')
 3 SYSTEMPATH\Database\BaseBuilder.php(2325): CodeIgniter\Database\BaseConnection->query('INSERT INTO `profile` (`judul`, `uraian`) VALUES (:judul:, :uraian:)', [...], false)
 4 SYSTEMPATH\Model.php(383): CodeIgniter\Database\BaseBuilder->insert()
 5 SYSTEMPATH\BaseModel.php(840): CodeIgniter\Model->doInsert([...])
 6 SYSTEMPATH\Model.php(791): CodeIgniter\BaseModel->insert([...], false)
 7 SYSTEMPATH\BaseModel.php(751): CodeIgniter\Model->insert([...], false)
 8 APPPATH\Controllers\Profil.php(49): CodeIgniter\BaseModel->save([...])
 9 SYSTEMPATH\CodeIgniter.php(933): App\Controllers\Profil->saveProfil()
10 SYSTEMPATH\CodeIgniter.php(509): CodeIgniter\CodeIgniter->runController(Object(App\Controllers\Profil))
11 SYSTEMPATH\CodeIgniter.php(355): CodeIgniter\CodeIgniter->handleRequest(null, Object(Config\Cache), false)
12 SYSTEMPATH\Boot.php(312): CodeIgniter\CodeIgniter->run()
13 SYSTEMPATH\Boot.php(67): CodeIgniter\Boot::runCodeIgniter(Object(CodeIgniter\CodeIgniter))
14 FCPATH\index.php(56): CodeIgniter\Boot::bootWeb(Object(Config\Paths))
15 SYSTEMPATH\Commands\Server\rewrite.php(49): require_once('C:\\xamppp\\htdocs\\appldr\\public\\index.php')
CRITICAL - 2024-06-10 09:17:06 --> [Caused by] mysqli_sql_exception: Column 'uraian' cannot be null
in SYSTEMPATH\Database\MySQLi\Connection.php on line 308.
 1 SYSTEMPATH\Database\MySQLi\Connection.php(308): mysqli->query('INSERT INTO `profile` (`judul`, `uraian`) VALUES (NULL, NULL)', 0)
 2 SYSTEMPATH\Database\BaseConnection.php(722): CodeIgniter\Database\MySQLi\Connection->execute('INSERT INTO `profile` (`judul`, `uraian`) VALUES (NULL, NULL)')
 3 SYSTEMPATH\Database\BaseConnection.php(636): CodeIgniter\Database\BaseConnection->simpleQuery('INSERT INTO `profile` (`judul`, `uraian`) VALUES (NULL, NULL)')
 4 SYSTEMPATH\Database\BaseBuilder.php(2325): CodeIgniter\Database\BaseConnection->query('INSERT INTO `profile` (`judul`, `uraian`) VALUES (:judul:, :uraian:)', [...], false)
 5 SYSTEMPATH\Model.php(383): CodeIgniter\Database\BaseBuilder->insert()
 6 SYSTEMPATH\BaseModel.php(840): CodeIgniter\Model->doInsert([...])
 7 SYSTEMPATH\Model.php(791): CodeIgniter\BaseModel->insert([...], false)
 8 SYSTEMPATH\BaseModel.php(751): CodeIgniter\Model->insert([...], false)
 9 APPPATH\Controllers\Profil.php(49): CodeIgniter\BaseModel->save([...])
10 SYSTEMPATH\CodeIgniter.php(933): App\Controllers\Profil->saveProfil()
11 SYSTEMPATH\CodeIgniter.php(509): CodeIgniter\CodeIgniter->runController(Object(App\Controllers\Profil))
12 SYSTEMPATH\CodeIgniter.php(355): CodeIgniter\CodeIgniter->handleRequest(null, Object(Config\Cache), false)
13 SYSTEMPATH\Boot.php(312): CodeIgniter\CodeIgniter->run()
14 SYSTEMPATH\Boot.php(67): CodeIgniter\Boot::runCodeIgniter(Object(CodeIgniter\CodeIgniter))
15 FCPATH\index.php(56): CodeIgniter\Boot::bootWeb(Object(Config\Paths))
16 SYSTEMPATH\Commands\Server\rewrite.php(49): require_once('C:\\xamppp\\htdocs\\appldr\\public\\index.php')
CRITICAL - 2024-06-10 09:21:19 --> ErrorException: Undefined variable $profile
[Method: GET, Route: profil]
in APPPATH\Views\freeuser\home\profil.php on line 17.
 1 APPPATH\Views\freeuser\home\profil.php(17): CodeIgniter\Debug\Exceptions->errorHandler(2, 'Undefined variable $profile', 'C:\\xamppp\\htdocs\\appldr\\app\\Views\\freeuser\\home\\profil.php', 17)
 2 SYSTEMPATH\View\View.php(234): include('C:\\xamppp\\htdocs\\appldr\\app\\Views\\freeuser\\home\\profil.php')
 3 SYSTEMPATH\View\View.php(237): CodeIgniter\View\View->CodeIgniter\View\{closure}()
 4 SYSTEMPATH\Common.php(1171): CodeIgniter\View\View->render('freeuser/home/profil', [], true)
 5 APPPATH\Controllers\Home.php(16): view('freeuser/home/profil')
 6 SYSTEMPATH\CodeIgniter.php(933): App\Controllers\Home->profil()
 7 SYSTEMPATH\CodeIgniter.php(509): CodeIgniter\CodeIgniter->runController(Object(App\Controllers\Home))
 8 SYSTEMPATH\CodeIgniter.php(355): CodeIgniter\CodeIgniter->handleRequest(null, Object(Config\Cache), false)
 9 SYSTEMPATH\Boot.php(312): CodeIgniter\CodeIgniter->run()
10 SYSTEMPATH\Boot.php(67): CodeIgniter\Boot::runCodeIgniter(Object(CodeIgniter\CodeIgniter))
11 FCPATH\index.php(56): CodeIgniter\Boot::bootWeb(Object(Config\Paths))
12 SYSTEMPATH\Commands\Server\rewrite.php(49): require_once('C:\\xamppp\\htdocs\\appldr\\public\\index.php')
ERROR - 2024-06-10 09:23:27 --> mysqli_sql_exception: Column 'uraian' cannot be null in C:\xamppp\htdocs\appldr\system\Database\MySQLi\Connection.php:308
Stack trace:
#0 C:\xamppp\htdocs\appldr\system\Database\MySQLi\Connection.php(308): mysqli->query('INSERT INTO `pr...', 0)
#1 C:\xamppp\htdocs\appldr\system\Database\BaseConnection.php(722): CodeIgniter\Database\MySQLi\Connection->execute('INSERT INTO `pr...')
#2 C:\xamppp\htdocs\appldr\system\Database\BaseConnection.php(636): CodeIgniter\Database\BaseConnection->simpleQuery('INSERT INTO `pr...')
#3 C:\xamppp\htdocs\appldr\system\Database\BaseBuilder.php(2325): CodeIgniter\Database\BaseConnection->query('INSERT INTO `pr...', Array, false)
#4 C:\xamppp\htdocs\appldr\system\Model.php(383): CodeIgniter\Database\BaseBuilder->insert()
#5 C:\xamppp\htdocs\appldr\system\BaseModel.php(840): CodeIgniter\Model->doInsert(Array)
#6 C:\xamppp\htdocs\appldr\system\Model.php(791): CodeIgniter\BaseModel->insert(Array, false)
#7 C:\xamppp\htdocs\appldr\system\BaseModel.php(751): CodeIgniter\Model->insert(Array, false)
#8 C:\xamppp\htdocs\appldr\app\Controllers\Profil.php(49): CodeIgniter\BaseModel->save(Array)
#9 C:\xamppp\htdocs\appldr\system\CodeIgniter.php(933): App\Controllers\Profil->saveProfil()
#10 C:\xamppp\htdocs\appldr\system\CodeIgniter.php(509): CodeIgniter\CodeIgniter->runController(Object(App\Controllers\Profil))
#11 C:\xamppp\htdocs\appldr\system\CodeIgniter.php(355): CodeIgniter\CodeIgniter->handleRequest(NULL, Object(Config\Cache), false)
#12 C:\xamppp\htdocs\appldr\system\Boot.php(312): CodeIgniter\CodeIgniter->run()
#13 C:\xamppp\htdocs\appldr\system\Boot.php(67): CodeIgniter\Boot::runCodeIgniter(Object(CodeIgniter\CodeIgniter))
#14 C:\xamppp\htdocs\appldr\public\index.php(56): CodeIgniter\Boot::bootWeb(Object(Config\Paths))
#15 C:\xamppp\htdocs\appldr\system\Commands\Server\rewrite.php(49): require_once('C:\\xamppp\\htdoc...')
#16 {main}
CRITICAL - 2024-06-10 09:23:27 --> CodeIgniter\Database\Exceptions\DatabaseException: Column 'uraian' cannot be null
[Method: GET, Route: tambahProfil]
in SYSTEMPATH\Database\BaseConnection.php on line 676.
 1 SYSTEMPATH\Database\BaseBuilder.php(2325): CodeIgniter\Database\BaseConnection->query('INSERT INTO `profile` (`judul`, `uraian`) VALUES (:judul:, :uraian:)', [...], false)
 2 SYSTEMPATH\Model.php(383): CodeIgniter\Database\BaseBuilder->insert()
 3 SYSTEMPATH\BaseModel.php(840): CodeIgniter\Model->doInsert([...])
 4 SYSTEMPATH\Model.php(791): CodeIgniter\BaseModel->insert([...], false)
 5 SYSTEMPATH\BaseModel.php(751): CodeIgniter\Model->insert([...], false)
 6 APPPATH\Controllers\Profil.php(49): CodeIgniter\BaseModel->save([...])
 7 SYSTEMPATH\CodeIgniter.php(933): App\Controllers\Profil->saveProfil()
 8 SYSTEMPATH\CodeIgniter.php(509): CodeIgniter\CodeIgniter->runController(Object(App\Controllers\Profil))
 9 SYSTEMPATH\CodeIgniter.php(355): CodeIgniter\CodeIgniter->handleRequest(null, Object(Config\Cache), false)
10 SYSTEMPATH\Boot.php(312): CodeIgniter\CodeIgniter->run()
11 SYSTEMPATH\Boot.php(67): CodeIgniter\Boot::runCodeIgniter(Object(CodeIgniter\CodeIgniter))
12 FCPATH\index.php(56): CodeIgniter\Boot::bootWeb(Object(Config\Paths))
13 SYSTEMPATH\Commands\Server\rewrite.php(49): require_once('C:\\xamppp\\htdocs\\appldr\\public\\index.php')
CRITICAL - 2024-06-10 09:23:27 --> [Caused by] CodeIgniter\Database\Exceptions\DatabaseException: Column 'uraian' cannot be null
in SYSTEMPATH\Database\MySQLi\Connection.php on line 313.
 1 SYSTEMPATH\Database\BaseConnection.php(722): CodeIgniter\Database\MySQLi\Connection->execute('INSERT INTO `profile` (`judul`, `uraian`) VALUES (NULL, NULL)')
 2 SYSTEMPATH\Database\BaseConnection.php(636): CodeIgniter\Database\BaseConnection->simpleQuery('INSERT INTO `profile` (`judul`, `uraian`) VALUES (NULL, NULL)')
 3 SYSTEMPATH\Database\BaseBuilder.php(2325): CodeIgniter\Database\BaseConnection->query('INSERT INTO `profile` (`judul`, `uraian`) VALUES (:judul:, :uraian:)', [...], false)
 4 SYSTEMPATH\Model.php(383): CodeIgniter\Database\BaseBuilder->insert()
 5 SYSTEMPATH\BaseModel.php(840): CodeIgniter\Model->doInsert([...])
 6 SYSTEMPATH\Model.php(791): CodeIgniter\BaseModel->insert([...], false)
 7 SYSTEMPATH\BaseModel.php(751): CodeIgniter\Model->insert([...], false)
 8 APPPATH\Controllers\Profil.php(49): CodeIgniter\BaseModel->save([...])
 9 SYSTEMPATH\CodeIgniter.php(933): App\Controllers\Profil->saveProfil()
10 SYSTEMPATH\CodeIgniter.php(509): CodeIgniter\CodeIgniter->runController(Object(App\Controllers\Profil))
11 SYSTEMPATH\CodeIgniter.php(355): CodeIgniter\CodeIgniter->handleRequest(null, Object(Config\Cache), false)
12 SYSTEMPATH\Boot.php(312): CodeIgniter\CodeIgniter->run()
13 SYSTEMPATH\Boot.php(67): CodeIgniter\Boot::runCodeIgniter(Object(CodeIgniter\CodeIgniter))
14 FCPATH\index.php(56): CodeIgniter\Boot::bootWeb(Object(Config\Paths))
15 SYSTEMPATH\Commands\Server\rewrite.php(49): require_once('C:\\xamppp\\htdocs\\appldr\\public\\index.php')
CRITICAL - 2024-06-10 09:23:27 --> [Caused by] mysqli_sql_exception: Column 'uraian' cannot be null
in SYSTEMPATH\Database\MySQLi\Connection.php on line 308.
 1 SYSTEMPATH\Database\MySQLi\Connection.php(308): mysqli->query('INSERT INTO `profile` (`judul`, `uraian`) VALUES (NULL, NULL)', 0)
 2 SYSTEMPATH\Database\BaseConnection.php(722): CodeIgniter\Database\MySQLi\Connection->execute('INSERT INTO `profile` (`judul`, `uraian`) VALUES (NULL, NULL)')
 3 SYSTEMPATH\Database\BaseConnection.php(636): CodeIgniter\Database\BaseConnection->simpleQuery('INSERT INTO `profile` (`judul`, `uraian`) VALUES (NULL, NULL)')
 4 SYSTEMPATH\Database\BaseBuilder.php(2325): CodeIgniter\Database\BaseConnection->query('INSERT INTO `profile` (`judul`, `uraian`) VALUES (:judul:, :uraian:)', [...], false)
 5 SYSTEMPATH\Model.php(383): CodeIgniter\Database\BaseBuilder->insert()
 6 SYSTEMPATH\BaseModel.php(840): CodeIgniter\Model->doInsert([...])
 7 SYSTEMPATH\Model.php(791): CodeIgniter\BaseModel->insert([...], false)
 8 SYSTEMPATH\BaseModel.php(751): CodeIgniter\Model->insert([...], false)
 9 APPPATH\Controllers\Profil.php(49): CodeIgniter\BaseModel->save([...])
10 SYSTEMPATH\CodeIgniter.php(933): App\Controllers\Profil->saveProfil()
11 SYSTEMPATH\CodeIgniter.php(509): CodeIgniter\CodeIgniter->runController(Object(App\Controllers\Profil))
12 SYSTEMPATH\CodeIgniter.php(355): CodeIgniter\CodeIgniter->handleRequest(null, Object(Config\Cache), false)
13 SYSTEMPATH\Boot.php(312): CodeIgniter\CodeIgniter->run()
14 SYSTEMPATH\Boot.php(67): CodeIgniter\Boot::runCodeIgniter(Object(CodeIgniter\CodeIgniter))
15 FCPATH\index.php(56): CodeIgniter\Boot::bootWeb(Object(Config\Paths))
16 SYSTEMPATH\Commands\Server\rewrite.php(49): require_once('C:\\xamppp\\htdocs\\appldr\\public\\index.php')
ERROR - 2024-06-10 09:35:25 --> mysqli_sql_exception: Column 'uraian' cannot be null in D:\xampp\htdocs\appldr\system\Database\MySQLi\Connection.php:308
Stack trace:
#0 D:\xampp\htdocs\appldr\system\Database\MySQLi\Connection.php(308): mysqli->query('INSERT INTO `pr...', 0)
#1 D:\xampp\htdocs\appldr\system\Database\BaseConnection.php(722): CodeIgniter\Database\MySQLi\Connection->execute('INSERT INTO `pr...')
#2 D:\xampp\htdocs\appldr\system\Database\BaseConnection.php(636): CodeIgniter\Database\BaseConnection->simpleQuery('INSERT INTO `pr...')
#3 D:\xampp\htdocs\appldr\system\Database\BaseBuilder.php(2325): CodeIgniter\Database\BaseConnection->query('INSERT INTO `pr...', Array, false)
#4 D:\xampp\htdocs\appldr\system\Model.php(383): CodeIgniter\Database\BaseBuilder->insert()
#5 D:\xampp\htdocs\appldr\system\BaseModel.php(840): CodeIgniter\Model->doInsert(Array)
#6 D:\xampp\htdocs\appldr\system\Model.php(791): CodeIgniter\BaseModel->insert(Array, false)
#7 D:\xampp\htdocs\appldr\system\BaseModel.php(751): CodeIgniter\Model->insert(Array, false)
#8 D:\xampp\htdocs\appldr\app\Controllers\Profil.php(49): CodeIgniter\BaseModel->save(Array)
#9 D:\xampp\htdocs\appldr\system\CodeIgniter.php(933): App\Controllers\Profil->saveProfil()
#10 D:\xampp\htdocs\appldr\system\CodeIgniter.php(509): CodeIgniter\CodeIgniter->runController(Object(App\Controllers\Profil))
#11 D:\xampp\htdocs\appldr\system\CodeIgniter.php(355): CodeIgniter\CodeIgniter->handleRequest(NULL, Object(Config\Cache), false)
#12 D:\xampp\htdocs\appldr\system\Boot.php(312): CodeIgniter\CodeIgniter->run()
#13 D:\xampp\htdocs\appldr\system\Boot.php(67): CodeIgniter\Boot::runCodeIgniter(Object(CodeIgniter\CodeIgniter))
#14 D:\xampp\htdocs\appldr\public\index.php(56): CodeIgniter\Boot::bootWeb(Object(Config\Paths))
#15 D:\xampp\htdocs\appldr\system\Commands\Server\rewrite.php(49): require_once('D:\\xampp\\htdocs...')
#16 {main}
CRITICAL - 2024-06-10 09:35:25 --> CodeIgniter\Database\Exceptions\DatabaseException: Column 'uraian' cannot be null
[Method: GET, Route: tambahProfil]
in SYSTEMPATH\Database\BaseConnection.php on line 676.
 1 SYSTEMPATH\Database\BaseBuilder.php(2325): CodeIgniter\Database\BaseConnection->query('INSERT INTO `profile` (`judul`, `uraian`) VALUES (:judul:, :uraian:)', [...], false)
 2 SYSTEMPATH\Model.php(383): CodeIgniter\Database\BaseBuilder->insert()
 3 SYSTEMPATH\BaseModel.php(840): CodeIgniter\Model->doInsert([...])
 4 SYSTEMPATH\Model.php(791): CodeIgniter\BaseModel->insert([...], false)
 5 SYSTEMPATH\BaseModel.php(751): CodeIgniter\Model->insert([...], false)
 6 APPPATH\Controllers\Profil.php(49): CodeIgniter\BaseModel->save([...])
 7 SYSTEMPATH\CodeIgniter.php(933): App\Controllers\Profil->saveProfil()
 8 SYSTEMPATH\CodeIgniter.php(509): CodeIgniter\CodeIgniter->runController(Object(App\Controllers\Profil))
 9 SYSTEMPATH\CodeIgniter.php(355): CodeIgniter\CodeIgniter->handleRequest(null, Object(Config\Cache), false)
10 SYSTEMPATH\Boot.php(312): CodeIgniter\CodeIgniter->run()
11 SYSTEMPATH\Boot.php(67): CodeIgniter\Boot::runCodeIgniter(Object(CodeIgniter\CodeIgniter))
12 FCPATH\index.php(56): CodeIgniter\Boot::bootWeb(Object(Config\Paths))
13 SYSTEMPATH\Commands\Server\rewrite.php(49): require_once('D:\\xampp\\htdocs\\appldr\\public\\index.php')
CRITICAL - 2024-06-10 09:35:25 --> [Caused by] CodeIgniter\Database\Exceptions\DatabaseException: Column 'uraian' cannot be null
in SYSTEMPATH\Database\MySQLi\Connection.php on line 313.
 1 SYSTEMPATH\Database\BaseConnection.php(722): CodeIgniter\Database\MySQLi\Connection->execute('INSERT INTO `profile` (`judul`, `uraian`) VALUES (NULL, NULL)')
 2 SYSTEMPATH\Database\BaseConnection.php(636): CodeIgniter\Database\BaseConnection->simpleQuery('INSERT INTO `profile` (`judul`, `uraian`) VALUES (NULL, NULL)')
 3 SYSTEMPATH\Database\BaseBuilder.php(2325): CodeIgniter\Database\BaseConnection->query('INSERT INTO `profile` (`judul`, `uraian`) VALUES (:judul:, :uraian:)', [...], false)
 4 SYSTEMPATH\Model.php(383): CodeIgniter\Database\BaseBuilder->insert()
 5 SYSTEMPATH\BaseModel.php(840): CodeIgniter\Model->doInsert([...])
 6 SYSTEMPATH\Model.php(791): CodeIgniter\BaseModel->insert([...], false)
 7 SYSTEMPATH\BaseModel.php(751): CodeIgniter\Model->insert([...], false)
 8 APPPATH\Controllers\Profil.php(49): CodeIgniter\BaseModel->save([...])
 9 SYSTEMPATH\CodeIgniter.php(933): App\Controllers\Profil->saveProfil()
10 SYSTEMPATH\CodeIgniter.php(509): CodeIgniter\CodeIgniter->runController(Object(App\Controllers\Profil))
11 SYSTEMPATH\CodeIgniter.php(355): CodeIgniter\CodeIgniter->handleRequest(null, Object(Config\Cache), false)
12 SYSTEMPATH\Boot.php(312): CodeIgniter\CodeIgniter->run()
13 SYSTEMPATH\Boot.php(67): CodeIgniter\Boot::runCodeIgniter(Object(CodeIgniter\CodeIgniter))
14 FCPATH\index.php(56): CodeIgniter\Boot::bootWeb(Object(Config\Paths))
15 SYSTEMPATH\Commands\Server\rewrite.php(49): require_once('D:\\xampp\\htdocs\\appldr\\public\\index.php')
CRITICAL - 2024-06-10 09:35:25 --> [Caused by] mysqli_sql_exception: Column 'uraian' cannot be null
in SYSTEMPATH\Database\MySQLi\Connection.php on line 308.
 1 SYSTEMPATH\Database\MySQLi\Connection.php(308): mysqli->query('INSERT INTO `profile` (`judul`, `uraian`) VALUES (NULL, NULL)', 0)
 2 SYSTEMPATH\Database\BaseConnection.php(722): CodeIgniter\Database\MySQLi\Connection->execute('INSERT INTO `profile` (`judul`, `uraian`) VALUES (NULL, NULL)')
 3 SYSTEMPATH\Database\BaseConnection.php(636): CodeIgniter\Database\BaseConnection->simpleQuery('INSERT INTO `profile` (`judul`, `uraian`) VALUES (NULL, NULL)')
 4 SYSTEMPATH\Database\BaseBuilder.php(2325): CodeIgniter\Database\BaseConnection->query('INSERT INTO `profile` (`judul`, `uraian`) VALUES (:judul:, :uraian:)', [...], false)
 5 SYSTEMPATH\Model.php(383): CodeIgniter\Database\BaseBuilder->insert()
 6 SYSTEMPATH\BaseModel.php(840): CodeIgniter\Model->doInsert([...])
 7 SYSTEMPATH\Model.php(791): CodeIgniter\BaseModel->insert([...], false)
 8 SYSTEMPATH\BaseModel.php(751): CodeIgniter\Model->insert([...], false)
 9 APPPATH\Controllers\Profil.php(49): CodeIgniter\BaseModel->save([...])
10 SYSTEMPATH\CodeIgniter.php(933): App\Controllers\Profil->saveProfil()
11 SYSTEMPATH\CodeIgniter.php(509): CodeIgniter\CodeIgniter->runController(Object(App\Controllers\Profil))
12 SYSTEMPATH\CodeIgniter.php(355): CodeIgniter\CodeIgniter->handleRequest(null, Object(Config\Cache), false)
13 SYSTEMPATH\Boot.php(312): CodeIgniter\CodeIgniter->run()
14 SYSTEMPATH\Boot.php(67): CodeIgniter\Boot::runCodeIgniter(Object(CodeIgniter\CodeIgniter))
15 FCPATH\index.php(56): CodeIgniter\Boot::bootWeb(Object(Config\Paths))
16 SYSTEMPATH\Commands\Server\rewrite.php(49): require_once('D:\\xampp\\htdocs\\appldr\\public\\index.php')
CRITICAL - 2024-06-10 09:38:22 --> Error: Class "App\Models\ProfilModel" not found
[Method: GET, Route: dataProfil]
in APPPATH\Controllers\Profil.php on line 11.
 1 SYSTEMPATH\CodeIgniter.php(933): App\Controllers\Profil->index()
 2 SYSTEMPATH\CodeIgniter.php(509): CodeIgniter\CodeIgniter->runController(Object(App\Controllers\Profil))
 3 SYSTEMPATH\CodeIgniter.php(355): CodeIgniter\CodeIgniter->handleRequest(null, Object(Config\Cache), false)
 4 SYSTEMPATH\Boot.php(312): CodeIgniter\CodeIgniter->run()
 5 SYSTEMPATH\Boot.php(67): CodeIgniter\Boot::runCodeIgniter(Object(CodeIgniter\CodeIgniter))
 6 FCPATH\index.php(56): CodeIgniter\Boot::bootWeb(Object(Config\Paths))
 7 SYSTEMPATH\Commands\Server\rewrite.php(49): require_once('D:\\xampp\\htdocs\\appldr\\public\\index.php')
CRITICAL - 2024-06-10 09:39:28 --> Error: Class "App\Models\ProfilModel" not found
[Method: GET, Route: dataProfil]
in APPPATH\Controllers\Profil.php on line 11.
 1 SYSTEMPATH\CodeIgniter.php(933): App\Controllers\Profil->index()
 2 SYSTEMPATH\CodeIgniter.php(509): CodeIgniter\CodeIgniter->runController(Object(App\Controllers\Profil))
 3 SYSTEMPATH\CodeIgniter.php(355): CodeIgniter\CodeIgniter->handleRequest(null, Object(Config\Cache), false)
 4 SYSTEMPATH\Boot.php(312): CodeIgniter\CodeIgniter->run()
 5 SYSTEMPATH\Boot.php(67): CodeIgniter\Boot::runCodeIgniter(Object(CodeIgniter\CodeIgniter))
 6 FCPATH\index.php(56): CodeIgniter\Boot::bootWeb(Object(Config\Paths))
 7 SYSTEMPATH\Commands\Server\rewrite.php(49): require_once('D:\\xampp\\htdocs\\appldr\\public\\index.php')
CRITICAL - 2024-06-10 09:55:26 --> ErrorException: Undefined variable $profile
[Method: GET, Route: dataProfil]
in APPPATH\Views\profil\tabelProfil.php on line 28.
 1 APPPATH\Views\profil\tabelProfil.php(28): CodeIgniter\Debug\Exceptions->errorHandler(2, 'Undefined variable $profile', 'D:\\xampp\\htdocs\\appldr\\app\\Views\\profil\\tabelProfil.php', 28)
 2 SYSTEMPATH\View\View.php(234): include('D:\\xampp\\htdocs\\appldr\\app\\Views\\profil\\tabelProfil.php')
 3 SYSTEMPATH\View\View.php(237): CodeIgniter\View\View->CodeIgniter\View\{closure}()
 4 SYSTEMPATH\Common.php(1171): CodeIgniter\View\View->render('profil/tabelProfil', [], true)
 5 APPPATH\Controllers\ProfilController.php(27): view('profil/tabelProfil', [...])
 6 SYSTEMPATH\CodeIgniter.php(933): App\Controllers\ProfilController->index()
 7 SYSTEMPATH\CodeIgniter.php(509): CodeIgniter\CodeIgniter->runController(Object(App\Controllers\ProfilController))
 8 SYSTEMPATH\CodeIgniter.php(355): CodeIgniter\CodeIgniter->handleRequest(null, Object(Config\Cache), false)
 9 SYSTEMPATH\Boot.php(312): CodeIgniter\CodeIgniter->run()
10 SYSTEMPATH\Boot.php(67): CodeIgniter\Boot::runCodeIgniter(Object(CodeIgniter\CodeIgniter))
11 FCPATH\index.php(56): CodeIgniter\Boot::bootWeb(Object(Config\Paths))
12 SYSTEMPATH\Commands\Server\rewrite.php(49): require_once('D:\\xampp\\htdocs\\appldr\\public\\index.php')
CRITICAL - 2024-06-10 09:59:30 --> ErrorException: Undefined variable $key
[Method: GET, Route: akun]
in APPPATH\Views\Akun\akun.php on line 191.
 1 APPPATH\Views\Akun\akun.php(191): CodeIgniter\Debug\Exceptions->errorHandler(2, 'Undefined variable $key', 'D:\\xampp\\htdocs\\appldr\\app\\Views\\Akun\\akun.php', 191)
 2 SYSTEMPATH\View\View.php(234): include('D:\\xampp\\htdocs\\appldr\\app\\Views\\Akun\\akun.php')
 3 SYSTEMPATH\View\View.php(237): CodeIgniter\View\View->CodeIgniter\View\{closure}()
 4 SYSTEMPATH\Common.php(1171): CodeIgniter\View\View->render('akun/akun', [], true)
 5 APPPATH\Controllers\Akun.php(14): view('akun/akun', [...])
 6 SYSTEMPATH\CodeIgniter.php(933): App\Controllers\Akun->akun()
 7 SYSTEMPATH\CodeIgniter.php(509): CodeIgniter\CodeIgniter->runController(Object(App\Controllers\Akun))
 8 SYSTEMPATH\CodeIgniter.php(355): CodeIgniter\CodeIgniter->handleRequest(null, Object(Config\Cache), false)
 9 SYSTEMPATH\Boot.php(312): CodeIgniter\CodeIgniter->run()
10 SYSTEMPATH\Boot.php(67): CodeIgniter\Boot::runCodeIgniter(Object(CodeIgniter\CodeIgniter))
11 FCPATH\index.php(56): CodeIgniter\Boot::bootWeb(Object(Config\Paths))
12 SYSTEMPATH\Commands\Server\rewrite.php(49): require_once('D:\\xampp\\htdocs\\appldr\\public\\index.php')
INFO - 2024-06-10 10:09:14 --> Session: Class initialized using 'CodeIgniter\Session\Handlers\FileHandler' driver.
INFO - 2024-06-10 10:10:20 --> Session: Class initialized using 'CodeIgniter\Session\Handlers\FileHandler' driver.
CRITICAL - 2024-06-10 10:21:41 --> BadMethodCallException: Call to undefined method App\Models\ProdukModel::tambah
[Method: POST, Route: prosesproduk]
in SYSTEMPATH\Model.php on line 921.
 1 APPPATH\Controllers\Produk.php(76): CodeIgniter\Model->__call('tambah', [...])
 2 SYSTEMPATH\CodeIgniter.php(933): App\Controllers\Produk->tambahproduk()
 3 SYSTEMPATH\CodeIgniter.php(509): CodeIgniter\CodeIgniter->runController(Object(App\Controllers\Produk))
 4 SYSTEMPATH\CodeIgniter.php(355): CodeIgniter\CodeIgniter->handleRequest(null, Object(Config\Cache), false)
 5 SYSTEMPATH\Boot.php(312): CodeIgniter\CodeIgniter->run()
 6 SYSTEMPATH\Boot.php(67): CodeIgniter\Boot::runCodeIgniter(Object(CodeIgniter\CodeIgniter))
 7 FCPATH\index.php(56): CodeIgniter\Boot::bootWeb(Object(Config\Paths))
 8 SYSTEMPATH\Commands\Server\rewrite.php(49): require_once('D:\\xampp\\htdocs\\appldr\\public\\index.php')
ERROR - 2024-06-10 10:22:04 --> mysqli_sql_exception: Cannot add or update a child row: a foreign key constraint fails (`ldr_db`.`produk`, CONSTRAINT `produk_ibfk_1` FOREIGN KEY (`id_pengguna`) REFERENCES `pengguna` (`id_pengguna`) ON DELETE CASCADE ON UPDATE CASCADE) in D:\xampp\htdocs\appldr\system\Database\MySQLi\Connection.php:308
Stack trace:
#0 D:\xampp\htdocs\appldr\system\Database\MySQLi\Connection.php(308): mysqli->query('INSERT INTO `pr...', 0)
#1 D:\xampp\htdocs\appldr\system\Database\BaseConnection.php(722): CodeIgniter\Database\MySQLi\Connection->execute('INSERT INTO `pr...')
#2 D:\xampp\htdocs\appldr\system\Database\BaseConnection.php(636): CodeIgniter\Database\BaseConnection->simpleQuery('INSERT INTO `pr...')
#3 D:\xampp\htdocs\appldr\system\Database\BaseBuilder.php(2325): CodeIgniter\Database\BaseConnection->query('INSERT INTO `pr...', Array, false)
#4 D:\xampp\htdocs\appldr\system\Model.php(383): CodeIgniter\Database\BaseBuilder->insert()
#5 D:\xampp\htdocs\appldr\system\BaseModel.php(840): CodeIgniter\Model->doInsert(Array)
#6 D:\xampp\htdocs\appldr\system\Model.php(791): CodeIgniter\BaseModel->insert(Array, true)
#7 D:\xampp\htdocs\appldr\app\Models\ProdukModel.php(15): CodeIgniter\Model->insert(Array)
#8 D:\xampp\htdocs\appldr\app\Controllers\Produk.php(76): App\Models\ProdukModel->tambahProduk(Array)
#9 D:\xampp\htdocs\appldr\system\CodeIgniter.php(933): App\Controllers\Produk->tambahproduk()
#10 D:\xampp\htdocs\appldr\system\CodeIgniter.php(509): CodeIgniter\CodeIgniter->runController(Object(App\Controllers\Produk))
#11 D:\xampp\htdocs\appldr\system\CodeIgniter.php(355): CodeIgniter\CodeIgniter->handleRequest(NULL, Object(Config\Cache), false)
#12 D:\xampp\htdocs\appldr\system\Boot.php(312): CodeIgniter\CodeIgniter->run()
#13 D:\xampp\htdocs\appldr\system\Boot.php(67): CodeIgniter\Boot::runCodeIgniter(Object(CodeIgniter\CodeIgniter))
#14 D:\xampp\htdocs\appldr\public\index.php(56): CodeIgniter\Boot::bootWeb(Object(Config\Paths))
#15 D:\xampp\htdocs\appldr\system\Commands\Server\rewrite.php(49): require_once('D:\\xampp\\htdocs...')
#16 {main}
CRITICAL - 2024-06-10 10:22:04 --> CodeIgniter\Database\Exceptions\DatabaseException: Cannot add or update a child row: a foreign key constraint fails (`ldr_db`.`produk`, CONSTRAINT `produk_ibfk_1` FOREIGN KEY (`id_pengguna`) REFERENCES `pengguna` (`id_pengguna`) ON DELETE CASCADE ON UPDATE CASCADE)
[Method: POST, Route: prosesproduk]
in SYSTEMPATH\Database\BaseConnection.php on line 676.
 1 SYSTEMPATH\Database\BaseBuilder.php(2325): CodeIgniter\Database\BaseConnection->query('INSERT INTO `produk` (`produk`, `harga`, `warna`, `ukuran`) VALUES (:produk:, :harga:, :warna:, :ukuran:)', [...], false)
 2 SYSTEMPATH\Model.php(383): CodeIgniter\Database\BaseBuilder->insert()
 3 SYSTEMPATH\BaseModel.php(840): CodeIgniter\Model->doInsert([...])
 4 SYSTEMPATH\Model.php(791): CodeIgniter\BaseModel->insert([...], true)
 5 APPPATH\Models\ProdukModel.php(15): CodeIgniter\Model->insert([...])
 6 APPPATH\Controllers\Produk.php(76): App\Models\ProdukModel->tambahProduk([...])
 7 SYSTEMPATH\CodeIgniter.php(933): App\Controllers\Produk->tambahproduk()
 8 SYSTEMPATH\CodeIgniter.php(509): CodeIgniter\CodeIgniter->runController(Object(App\Controllers\Produk))
 9 SYSTEMPATH\CodeIgniter.php(355): CodeIgniter\CodeIgniter->handleRequest(null, Object(Config\Cache), false)
10 SYSTEMPATH\Boot.php(312): CodeIgniter\CodeIgniter->run()
11 SYSTEMPATH\Boot.php(67): CodeIgniter\Boot::runCodeIgniter(Object(CodeIgniter\CodeIgniter))
12 FCPATH\index.php(56): CodeIgniter\Boot::bootWeb(Object(Config\Paths))
13 SYSTEMPATH\Commands\Server\rewrite.php(49): require_once('D:\\xampp\\htdocs\\appldr\\public\\index.php')
CRITICAL - 2024-06-10 10:22:04 --> [Caused by] CodeIgniter\Database\Exceptions\DatabaseException: Cannot add or update a child row: a foreign key constraint fails (`ldr_db`.`produk`, CONSTRAINT `produk_ibfk_1` FOREIGN KEY (`id_pengguna`) REFERENCES `pengguna` (`id_pengguna`) ON DELETE CASCADE ON UPDATE CASCADE)
in SYSTEMPATH\Database\MySQLi\Connection.php on line 313.
 1 SYSTEMPATH\Database\BaseConnection.php(722): CodeIgniter\Database\MySQLi\Connection->execute('INSERT INTO `produk` (`produk`, `harga`, `warna`, `ukuran`) VALUES (\'suduhudahduhasuda\', \'9000\', \'iijsidjiasdj\', \'L\')')
 2 SYSTEMPATH\Database\BaseConnection.php(636): CodeIgniter\Database\BaseConnection->simpleQuery('INSERT INTO `produk` (`produk`, `harga`, `warna`, `ukuran`) VALUES (\'suduhudahduhasuda\', \'9000\', \'iijsidjiasdj\', \'L\')')
 3 SYSTEMPATH\Database\BaseBuilder.php(2325): CodeIgniter\Database\BaseConnection->query('INSERT INTO `produk` (`produk`, `harga`, `warna`, `ukuran`) VALUES (:produk:, :harga:, :warna:, :ukuran:)', [...], false)
 4 SYSTEMPATH\Model.php(383): CodeIgniter\Database\BaseBuilder->insert()
 5 SYSTEMPATH\BaseModel.php(840): CodeIgniter\Model->doInsert([...])
 6 SYSTEMPATH\Model.php(791): CodeIgniter\BaseModel->insert([...], true)
 7 APPPATH\Models\ProdukModel.php(15): CodeIgniter\Model->insert([...])
 8 APPPATH\Controllers\Produk.php(76): App\Models\ProdukModel->tambahProduk([...])
 9 SYSTEMPATH\CodeIgniter.php(933): App\Controllers\Produk->tambahproduk()
10 SYSTEMPATH\CodeIgniter.php(509): CodeIgniter\CodeIgniter->runController(Object(App\Controllers\Produk))
11 SYSTEMPATH\CodeIgniter.php(355): CodeIgniter\CodeIgniter->handleRequest(null, Object(Config\Cache), false)
12 SYSTEMPATH\Boot.php(312): CodeIgniter\CodeIgniter->run()
13 SYSTEMPATH\Boot.php(67): CodeIgniter\Boot::runCodeIgniter(Object(CodeIgniter\CodeIgniter))
14 FCPATH\index.php(56): CodeIgniter\Boot::bootWeb(Object(Config\Paths))
15 SYSTEMPATH\Commands\Server\rewrite.php(49): require_once('D:\\xampp\\htdocs\\appldr\\public\\index.php')
CRITICAL - 2024-06-10 10:22:04 --> [Caused by] mysqli_sql_exception: Cannot add or update a child row: a foreign key constraint fails (`ldr_db`.`produk`, CONSTRAINT `produk_ibfk_1` FOREIGN KEY (`id_pengguna`) REFERENCES `pengguna` (`id_pengguna`) ON DELETE CASCADE ON UPDATE CASCADE)
in SYSTEMPATH\Database\MySQLi\Connection.php on line 308.
 1 SYSTEMPATH\Database\MySQLi\Connection.php(308): mysqli->query('INSERT INTO `produk` (`produk`, `harga`, `warna`, `ukuran`) VALUES (\'suduhudahduhasuda\', \'9000\', \'iijsidjiasdj\', \'L\')', 0)
 2 SYSTEMPATH\Database\BaseConnection.php(722): CodeIgniter\Database\MySQLi\Connection->execute('INSERT INTO `produk` (`produk`, `harga`, `warna`, `ukuran`) VALUES (\'suduhudahduhasuda\', \'9000\', \'iijsidjiasdj\', \'L\')')
 3 SYSTEMPATH\Database\BaseConnection.php(636): CodeIgniter\Database\BaseConnection->simpleQuery('INSERT INTO `produk` (`produk`, `harga`, `warna`, `ukuran`) VALUES (\'suduhudahduhasuda\', \'9000\', \'iijsidjiasdj\', \'L\')')
 4 SYSTEMPATH\Database\BaseBuilder.php(2325): CodeIgniter\Database\BaseConnection->query('INSERT INTO `produk` (`produk`, `harga`, `warna`, `ukuran`) VALUES (:produk:, :harga:, :warna:, :ukuran:)', [...], false)
 5 SYSTEMPATH\Model.php(383): CodeIgniter\Database\BaseBuilder->insert()
 6 SYSTEMPATH\BaseModel.php(840): CodeIgniter\Model->doInsert([...])
 7 SYSTEMPATH\Model.php(791): CodeIgniter\BaseModel->insert([...], true)
 8 APPPATH\Models\ProdukModel.php(15): CodeIgniter\Model->insert([...])
 9 APPPATH\Controllers\Produk.php(76): App\Models\ProdukModel->tambahProduk([...])
10 SYSTEMPATH\CodeIgniter.php(933): App\Controllers\Produk->tambahproduk()
11 SYSTEMPATH\CodeIgniter.php(509): CodeIgniter\CodeIgniter->runController(Object(App\Controllers\Produk))
12 SYSTEMPATH\CodeIgniter.php(355): CodeIgniter\CodeIgniter->handleRequest(null, Object(Config\Cache), false)
13 SYSTEMPATH\Boot.php(312): CodeIgniter\CodeIgniter->run()
14 SYSTEMPATH\Boot.php(67): CodeIgniter\Boot::runCodeIgniter(Object(CodeIgniter\CodeIgniter))
15 FCPATH\index.php(56): CodeIgniter\Boot::bootWeb(Object(Config\Paths))
16 SYSTEMPATH\Commands\Server\rewrite.php(49): require_once('D:\\xampp\\htdocs\\appldr\\public\\index.php')
INFO - 2024-06-10 10:22:38 --> Session: Class initialized using 'CodeIgniter\Session\Handlers\FileHandler' driver.
INFO - 2024-06-10 10:27:32 --> Session: Class initialized using 'CodeIgniter\Session\Handlers\FileHandler' driver.
CRITICAL - 2024-06-10 10:29:26 --> ErrorException: Undefined variable $produk
[Method: GET, Route: lihatproduk]
in APPPATH\Views\produk\lihatproduk.php on line 32.
 1 APPPATH\Views\produk\lihatproduk.php(32): CodeIgniter\Debug\Exceptions->errorHandler(2, 'Undefined variable $produk', 'D:\\xampp\\htdocs\\appldr\\app\\Views\\produk\\lihatproduk.php', 32)
 2 SYSTEMPATH\View\View.php(234): include('D:\\xampp\\htdocs\\appldr\\app\\Views\\produk\\lihatproduk.php')
 3 SYSTEMPATH\View\View.php(237): CodeIgniter\View\View->CodeIgniter\View\{closure}()
 4 SYSTEMPATH\Common.php(1171): CodeIgniter\View\View->render('produk/lihatproduk', [], true)
 5 APPPATH\Controllers\Produk.php(26): view('produk/lihatproduk')
 6 SYSTEMPATH\CodeIgniter.php(933): App\Controllers\Produk->lihatproduk()
 7 SYSTEMPATH\CodeIgniter.php(509): CodeIgniter\CodeIgniter->runController(Object(App\Controllers\Produk))
 8 SYSTEMPATH\CodeIgniter.php(355): CodeIgniter\CodeIgniter->handleRequest(null, Object(Config\Cache), false)
 9 SYSTEMPATH\Boot.php(312): CodeIgniter\CodeIgniter->run()
10 SYSTEMPATH\Boot.php(67): CodeIgniter\Boot::runCodeIgniter(Object(CodeIgniter\CodeIgniter))
11 FCPATH\index.php(56): CodeIgniter\Boot::bootWeb(Object(Config\Paths))
12 SYSTEMPATH\Commands\Server\rewrite.php(49): require_once('D:\\xampp\\htdocs\\appldr\\public\\index.php')
CRITICAL - 2024-06-10 10:30:17 --> ErrorException: Undefined array key "id"
[Method: GET, Route: lihatproduk]
in APPPATH\Views\produk\lihatproduk.php on line 42.
 1 APPPATH\Views\produk\lihatproduk.php(42): CodeIgniter\Debug\Exceptions->errorHandler(2, 'Undefined array key "id"', 'D:\\xampp\\htdocs\\appldr\\app\\Views\\produk\\lihatproduk.php', 42)
 2 SYSTEMPATH\View\View.php(234): include('D:\\xampp\\htdocs\\appldr\\app\\Views\\produk\\lihatproduk.php')
 3 SYSTEMPATH\View\View.php(237): CodeIgniter\View\View->CodeIgniter\View\{closure}()
 4 SYSTEMPATH\Common.php(1171): CodeIgniter\View\View->render('produk/lihatproduk', [], true)
 5 APPPATH\Controllers\Produk.php(33): view('produk/lihatproduk', [...])
 6 SYSTEMPATH\CodeIgniter.php(933): App\Controllers\Produk->lihatproduk()
 7 SYSTEMPATH\CodeIgniter.php(509): CodeIgniter\CodeIgniter->runController(Object(App\Controllers\Produk))
 8 SYSTEMPATH\CodeIgniter.php(355): CodeIgniter\CodeIgniter->handleRequest(null, Object(Config\Cache), false)
 9 SYSTEMPATH\Boot.php(312): CodeIgniter\CodeIgniter->run()
10 SYSTEMPATH\Boot.php(67): CodeIgniter\Boot::runCodeIgniter(Object(CodeIgniter\CodeIgniter))
11 FCPATH\index.php(56): CodeIgniter\Boot::bootWeb(Object(Config\Paths))
12 SYSTEMPATH\Commands\Server\rewrite.php(49): require_once('D:\\xampp\\htdocs\\appldr\\public\\index.php')
INFO - 2024-06-10 10:33:39 --> Session: Class initialized using 'CodeIgniter\Session\Handlers\FileHandler' driver.
INFO - 2024-06-10 10:35:43 --> Session: Class initialized using 'CodeIgniter\Session\Handlers\FileHandler' driver.
INFO - 2024-06-10 10:39:16 --> Session: Class initialized using 'CodeIgniter\Session\Handlers\FileHandler' driver.
CRITICAL - 2024-06-10 10:46:32 --> ArgumentCountError: Too few arguments to function App\Controllers\Produk::updateProduk(), 0 passed in D:\xampp\htdocs\appldr\system\CodeIgniter.php on line 933 and exactly 1 expected
[Method: POST, Route: editproduk]
in APPPATH\Controllers\Produk.php on line 88.
 1 SYSTEMPATH\CodeIgniter.php(933): App\Controllers\Produk->updateProduk()
 2 SYSTEMPATH\CodeIgniter.php(509): CodeIgniter\CodeIgniter->runController(Object(App\Controllers\Produk))
 3 SYSTEMPATH\CodeIgniter.php(355): CodeIgniter\CodeIgniter->handleRequest(null, Object(Config\Cache), false)
 4 SYSTEMPATH\Boot.php(312): CodeIgniter\CodeIgniter->run()
 5 SYSTEMPATH\Boot.php(67): CodeIgniter\Boot::runCodeIgniter(Object(CodeIgniter\CodeIgniter))
 6 FCPATH\index.php(56): CodeIgniter\Boot::bootWeb(Object(Config\Paths))
 7 SYSTEMPATH\Commands\Server\rewrite.php(49): require_once('D:\\xampp\\htdocs\\appldr\\public\\index.php')
INFO - 2024-06-10 10:50:02 --> Session: Class initialized using 'CodeIgniter\Session\Handlers\FileHandler' driver.
INFO - 2024-06-10 10:50:13 --> Session: Class initialized using 'CodeIgniter\Session\Handlers\FileHandler' driver.
INFO - 2024-06-10 10:50:23 --> Session: Class initialized using 'CodeIgniter\Session\Handlers\FileHandler' driver.
CRITICAL - 2024-06-10 10:51:57 --> ErrorException: unlink(D:\xampp\htdocs\appldr\public\gambar_produk/): Is a directory
[Method: GET, Route: hapusproduk/5]
in APPPATH\Controllers\Produk.php on line 152.
 1 [internal function]: CodeIgniter\Debug\Exceptions->errorHandler(2, 'unlink(D:\\xampp\\htdocs\\appldr\\public\\gambar_produk/): Is a directory', 'D:\\xampp\\htdocs\\appldr\\app\\Controllers\\Produk.php', 152)
 2 APPPATH\Controllers\Produk.php(152): unlink('D:\\xampp\\htdocs\\appldr\\public\\gambar_produk/')
 3 SYSTEMPATH\CodeIgniter.php(933): App\Controllers\Produk->hapusProduk('5')
 4 SYSTEMPATH\CodeIgniter.php(509): CodeIgniter\CodeIgniter->runController(Object(App\Controllers\Produk))
 5 SYSTEMPATH\CodeIgniter.php(355): CodeIgniter\CodeIgniter->handleRequest(null, Object(Config\Cache), false)
 6 SYSTEMPATH\Boot.php(312): CodeIgniter\CodeIgniter->run()
 7 SYSTEMPATH\Boot.php(67): CodeIgniter\Boot::runCodeIgniter(Object(CodeIgniter\CodeIgniter))
 8 FCPATH\index.php(56): CodeIgniter\Boot::bootWeb(Object(Config\Paths))
 9 SYSTEMPATH\Commands\Server\rewrite.php(49): require_once('D:\\xampp\\htdocs\\appldr\\public\\index.php')
INFO - 2024-06-10 10:52:05 --> Session: Class initialized using 'CodeIgniter\Session\Handlers\FileHandler' driver.
INFO - 2024-06-10 10:52:35 --> Session: Class initialized using 'CodeIgniter\Session\Handlers\FileHandler' driver.
INFO - 2024-06-10 10:52:42 --> Session: Class initialized using 'CodeIgniter\Session\Handlers\FileHandler' driver.
INFO - 2024-06-10 10:52:49 --> Session: Class initialized using 'CodeIgniter\Session\Handlers\FileHandler' driver.
INFO - 2024-06-10 10:52:58 --> Session: Class initialized using 'CodeIgniter\Session\Handlers\FileHandler' driver.
CRITICAL - 2024-06-10 10:58:08 --> ErrorException: Undefined variable $title
[Method: GET, Route: lihatproduk]
in APPPATH\Views\admin\header.php on line 192.
 1 APPPATH\Views\admin\header.php(192): CodeIgniter\Debug\Exceptions->errorHandler(2, 'Undefined variable $title', 'D:\\xampp\\htdocs\\appldr\\app\\Views\\admin\\header.php', 192)
 2 SYSTEMPATH\View\View.php(234): include('D:\\xampp\\htdocs\\appldr\\app\\Views\\admin\\header.php')
 3 SYSTEMPATH\View\View.php(237): CodeIgniter\View\View->CodeIgniter\View\{closure}()
 4 SYSTEMPATH\Common.php(1171): CodeIgniter\View\View->render('admin/header', [], true)
 5 APPPATH\Controllers\Produk.php(37): view('admin/header')
 6 SYSTEMPATH\CodeIgniter.php(933): App\Controllers\Produk->lihatproduk()
 7 SYSTEMPATH\CodeIgniter.php(509): CodeIgniter\CodeIgniter->runController(Object(App\Controllers\Produk))
 8 SYSTEMPATH\CodeIgniter.php(355): CodeIgniter\CodeIgniter->handleRequest(null, Object(Config\Cache), false)
 9 SYSTEMPATH\Boot.php(312): CodeIgniter\CodeIgniter->run()
10 SYSTEMPATH\Boot.php(67): CodeIgniter\Boot::runCodeIgniter(Object(CodeIgniter\CodeIgniter))
11 FCPATH\index.php(56): CodeIgniter\Boot::bootWeb(Object(Config\Paths))
12 SYSTEMPATH\Commands\Server\rewrite.php(49): require_once('D:\\xampp\\htdocs\\appldr\\public\\index.php')
CRITICAL - 2024-06-10 11:00:16 --> ErrorException: Undefined variable $produk
[Method: GET, Route: lihatproduk]
in APPPATH\Views\produk\lihatproduk.php on line 32.
 1 APPPATH\Views\produk\lihatproduk.php(32): CodeIgniter\Debug\Exceptions->errorHandler(2, 'Undefined variable $produk', 'D:\\xampp\\htdocs\\appldr\\app\\Views\\produk\\lihatproduk.php', 32)
 2 SYSTEMPATH\View\View.php(234): include('D:\\xampp\\htdocs\\appldr\\app\\Views\\produk\\lihatproduk.php')
 3 SYSTEMPATH\View\View.php(237): CodeIgniter\View\View->CodeIgniter\View\{closure}()
 4 SYSTEMPATH\Common.php(1171): CodeIgniter\View\View->render('produk/lihatproduk', [], true)
 5 APPPATH\Controllers\Produk.php(40): view('produk/lihatproduk', [...])
 6 SYSTEMPATH\CodeIgniter.php(933): App\Controllers\Produk->lihatproduk()
 7 SYSTEMPATH\CodeIgniter.php(509): CodeIgniter\CodeIgniter->runController(Object(App\Controllers\Produk))
 8 SYSTEMPATH\CodeIgniter.php(355): CodeIgniter\CodeIgniter->handleRequest(null, Object(Config\Cache), false)
 9 SYSTEMPATH\Boot.php(312): CodeIgniter\CodeIgniter->run()
10 SYSTEMPATH\Boot.php(67): CodeIgniter\Boot::runCodeIgniter(Object(CodeIgniter\CodeIgniter))
11 FCPATH\index.php(56): CodeIgniter\Boot::bootWeb(Object(Config\Paths))
12 SYSTEMPATH\Commands\Server\rewrite.php(49): require_once('D:\\xampp\\htdocs\\appldr\\public\\index.php')
CRITICAL - 2024-06-10 11:00:28 --> ErrorException: Undefined variable $produk
[Method: GET, Route: lihatproduk]
in APPPATH\Views\produk\lihatproduk.php on line 62.
 1 APPPATH\Views\produk\lihatproduk.php(62): CodeIgniter\Debug\Exceptions->errorHandler(2, 'Undefined variable $produk', 'D:\\xampp\\htdocs\\appldr\\app\\Views\\produk\\lihatproduk.php', 62)
 2 SYSTEMPATH\View\View.php(234): include('D:\\xampp\\htdocs\\appldr\\app\\Views\\produk\\lihatproduk.php')
 3 SYSTEMPATH\View\View.php(237): CodeIgniter\View\View->CodeIgniter\View\{closure}()
 4 SYSTEMPATH\Common.php(1171): CodeIgniter\View\View->render('produk/lihatproduk', [], true)
 5 APPPATH\Controllers\Produk.php(40): view('produk/lihatproduk', [...])
 6 SYSTEMPATH\CodeIgniter.php(933): App\Controllers\Produk->lihatproduk()
 7 SYSTEMPATH\CodeIgniter.php(509): CodeIgniter\CodeIgniter->runController(Object(App\Controllers\Produk))
 8 SYSTEMPATH\CodeIgniter.php(355): CodeIgniter\CodeIgniter->handleRequest(null, Object(Config\Cache), false)
 9 SYSTEMPATH\Boot.php(312): CodeIgniter\CodeIgniter->run()
10 SYSTEMPATH\Boot.php(67): CodeIgniter\Boot::runCodeIgniter(Object(CodeIgniter\CodeIgniter))
11 FCPATH\index.php(56): CodeIgniter\Boot::bootWeb(Object(Config\Paths))
12 SYSTEMPATH\Commands\Server\rewrite.php(49): require_once('D:\\xampp\\htdocs\\appldr\\public\\index.php')
INFO - 2024-06-10 11:08:19 --> Session: Class initialized using 'CodeIgniter\Session\Handlers\FileHandler' driver.
INFO - 2024-06-10 11:08:19 --> Session: Class initialized using 'CodeIgniter\Session\Handlers\FileHandler' driver.
INFO - 2024-06-10 11:08:51 --> Session: Class initialized using 'CodeIgniter\Session\Handlers\FileHandler' driver.
INFO - 2024-06-10 11:08:55 --> Session: Class initialized using 'CodeIgniter\Session\Handlers\FileHandler' driver.
INFO - 2024-06-10 11:08:56 --> Session: Class initialized using 'CodeIgniter\Session\Handlers\FileHandler' driver.
INFO - 2024-06-10 11:09:00 --> Session: Class initialized using 'CodeIgniter\Session\Handlers\FileHandler' driver.
INFO - 2024-06-10 11:09:00 --> Session: Class initialized using 'CodeIgniter\Session\Handlers\FileHandler' driver.
INFO - 2024-06-10 11:14:14 --> Session: Class initialized using 'CodeIgniter\Session\Handlers\FileHandler' driver.
INFO - 2024-06-10 11:15:26 --> Session: Class initialized using 'CodeIgniter\Session\Handlers\FileHandler' driver.
