CRITICAL - 2024-06-01 11:27:05 --> CodeIgniter\HTTP\Exceptions\BadRequestException: The URI you submitted has disallowed characters: "class="
[Method: GET, Route: class=]
in SYSTEMPATH\Router\Router.php on line 736.
 1 SYSTEMPATH\Router\Router.php(203): CodeIgniter\Router\Router->checkDisallowedChars('class=')
 2 SYSTEMPATH\CodeIgniter.php(834): CodeIgniter\Router\Router->handle('class=')
 3 SYSTEMPATH\CodeIgniter.php(457): CodeIgniter\CodeIgniter->tryToRouteIt(Object(CodeIgniter\Router\RouteCollection))
 4 SYSTEMPATH\CodeIgniter.php(355): CodeIgniter\CodeIgniter->handleRequest(null, Object(Config\Cache), false)
 5 SYSTEMPATH\Boot.php(312): CodeIgniter\CodeIgniter->run()
 6 SYSTEMPATH\Boot.php(67): CodeIgniter\Boot::runCodeIgniter(Object(CodeIgniter\CodeIgniter))
 7 FCPATH\index.php(56): CodeIgniter\Boot::bootWeb(Object(Config\Paths))
 8 SYSTEMPATH\Commands\Server\rewrite.php(49): require_once('D:\\KULIAH\\SMSTER 4\\IT proyek\\appldr2\\public\\index.php')
CRITICAL - 2024-06-01 11:33:28 --> CodeIgniter\View\Exceptions\ViewException: Invalid file: "testimoni/testimoni.php"
[Method: GET, Route: testimoni]
in SYSTEMPATH\Exceptions\FrameworkException.php on line 41.
 1 SYSTEMPATH\View\View.php(222): CodeIgniter\Exceptions\FrameworkException::forInvalidFile('testimoni/testimoni.php')
 2 SYSTEMPATH\Common.php(1171): CodeIgniter\View\View->render('testimoni/testimoni', [], true)
 3 APPPATH\Controllers\Testimoni.php(9): view('testimoni/testimoni')
 4 SYSTEMPATH\CodeIgniter.php(933): App\Controllers\Testimoni->testimoni()
 5 SYSTEMPATH\CodeIgniter.php(509): CodeIgniter\CodeIgniter->runController(Object(App\Controllers\Testimoni))
 6 SYSTEMPATH\CodeIgniter.php(355): CodeIgniter\CodeIgniter->handleRequest(null, Object(Config\Cache), false)
 7 SYSTEMPATH\Boot.php(312): CodeIgniter\CodeIgniter->run()
 8 SYSTEMPATH\Boot.php(67): CodeIgniter\Boot::runCodeIgniter(Object(CodeIgniter\CodeIgniter))
 9 FCPATH\index.php(56): CodeIgniter\Boot::bootWeb(Object(Config\Paths))
10 SYSTEMPATH\Commands\Server\rewrite.php(49): require_once('D:\\KULIAH\\SMSTER 4\\IT proyek\\appldr2\\public\\index.php')
CRITICAL - 2024-06-01 11:36:02 --> CodeIgniter\View\Exceptions\ViewException: Invalid file: "testimoni/testimoni.php"
[Method: GET, Route: testimoni]
in SYSTEMPATH\Exceptions\FrameworkException.php on line 41.
 1 SYSTEMPATH\View\View.php(222): CodeIgniter\Exceptions\FrameworkException::forInvalidFile('testimoni/testimoni.php')
 2 SYSTEMPATH\Common.php(1171): CodeIgniter\View\View->render('testimoni/testimoni', [], true)
 3 APPPATH\Controllers\Testimoni.php(9): view('testimoni/testimoni')
 4 SYSTEMPATH\CodeIgniter.php(933): App\Controllers\Testimoni->testimoni()
 5 SYSTEMPATH\CodeIgniter.php(509): CodeIgniter\CodeIgniter->runController(Object(App\Controllers\Testimoni))
 6 SYSTEMPATH\CodeIgniter.php(355): CodeIgniter\CodeIgniter->handleRequest(null, Object(Config\Cache), false)
 7 SYSTEMPATH\Boot.php(312): CodeIgniter\CodeIgniter->run()
 8 SYSTEMPATH\Boot.php(67): CodeIgniter\Boot::runCodeIgniter(Object(CodeIgniter\CodeIgniter))
 9 FCPATH\index.php(56): CodeIgniter\Boot::bootWeb(Object(Config\Paths))
10 SYSTEMPATH\Commands\Server\rewrite.php(49): require_once('D:\\KULIAH\\SMSTER 4\\IT proyek\\appldr2\\public\\index.php')
CRITICAL - 2024-06-01 11:36:03 --> CodeIgniter\View\Exceptions\ViewException: Invalid file: "testimoni/testimoni.php"
[Method: GET, Route: testimoni]
in SYSTEMPATH\Exceptions\FrameworkException.php on line 41.
 1 SYSTEMPATH\View\View.php(222): CodeIgniter\Exceptions\FrameworkException::forInvalidFile('testimoni/testimoni.php')
 2 SYSTEMPATH\Common.php(1171): CodeIgniter\View\View->render('testimoni/testimoni', [], true)
 3 APPPATH\Controllers\Testimoni.php(9): view('testimoni/testimoni')
 4 SYSTEMPATH\CodeIgniter.php(933): App\Controllers\Testimoni->testimoni()
 5 SYSTEMPATH\CodeIgniter.php(509): CodeIgniter\CodeIgniter->runController(Object(App\Controllers\Testimoni))
 6 SYSTEMPATH\CodeIgniter.php(355): CodeIgniter\CodeIgniter->handleRequest(null, Object(Config\Cache), false)
 7 SYSTEMPATH\Boot.php(312): CodeIgniter\CodeIgniter->run()
 8 SYSTEMPATH\Boot.php(67): CodeIgniter\Boot::runCodeIgniter(Object(CodeIgniter\CodeIgniter))
 9 FCPATH\index.php(56): CodeIgniter\Boot::bootWeb(Object(Config\Paths))
10 SYSTEMPATH\Commands\Server\rewrite.php(49): require_once('D:\\KULIAH\\SMSTER 4\\IT proyek\\appldr2\\public\\index.php')
CRITICAL - 2024-06-01 11:36:05 --> CodeIgniter\View\Exceptions\ViewException: Invalid file: "testimoni/testimoni.php"
[Method: GET, Route: testimoni]
in SYSTEMPATH\Exceptions\FrameworkException.php on line 41.
 1 SYSTEMPATH\View\View.php(222): CodeIgniter\Exceptions\FrameworkException::forInvalidFile('testimoni/testimoni.php')
 2 SYSTEMPATH\Common.php(1171): CodeIgniter\View\View->render('testimoni/testimoni', [], true)
 3 APPPATH\Controllers\Testimoni.php(9): view('testimoni/testimoni')
 4 SYSTEMPATH\CodeIgniter.php(933): App\Controllers\Testimoni->testimoni()
 5 SYSTEMPATH\CodeIgniter.php(509): CodeIgniter\CodeIgniter->runController(Object(App\Controllers\Testimoni))
 6 SYSTEMPATH\CodeIgniter.php(355): CodeIgniter\CodeIgniter->handleRequest(null, Object(Config\Cache), false)
 7 SYSTEMPATH\Boot.php(312): CodeIgniter\CodeIgniter->run()
 8 SYSTEMPATH\Boot.php(67): CodeIgniter\Boot::runCodeIgniter(Object(CodeIgniter\CodeIgniter))
 9 FCPATH\index.php(56): CodeIgniter\Boot::bootWeb(Object(Config\Paths))
10 SYSTEMPATH\Commands\Server\rewrite.php(49): require_once('D:\\KULIAH\\SMSTER 4\\IT proyek\\appldr2\\public\\index.php')
